<?xml version="1.0" encoding="utf-8"?><testsuites name="pytest tests"><testsuite name="pytest" errors="0" failures="0" skipped="0" tests="68" time="7.174" timestamp="2026-08-03T08:40:12.929159+00:00" hostname="vm"><testcase classname="tests.thesis_revision_v45.stage2.test_stage2_adapter" name="test_adapter_maps_blocksim_config" time="0.001" /><testcase classname="tests.thesis_revision_v45.stage2.test_stage2_adapter" name="test_adapter_returns_declared_schema" time="0.369" /><testcase classname="tests.thesis_revision_v45.stage2.test_stage2_adapter" name="test_adapter_default_config_is_canonical_a1_reference" time="0.000" /><testcase classname="tests.thesis_revision_v45.stage2.test_stage2_adapter" name="test_results_schema_directly" time="0.133" /><testcase classname="tests.thesis_revision_v45.stage2.test_stage2_e2e" name="test_e2e1_first_round_reaches_hashing_and_accepts" time="0.172" /><testcase classname="tests.thesis_revision_v45.stage2.test_stage2_e2e" name="test_e2e2_first_round_aborts_then_second_round_starts" time="0.341" /><testcase classname="tests.thesis_revision_v45.stage2.test_stage2_e2e" name="test_e2e3_consecutive_rounds_no_event_leakage" time="0.282" /><testcase classname="tests.thesis_revision_v45.stage2.test_stage2_e2e" name="test_e2e4_reaches_horizon_energy_and_residency_reconcile" time="0.878" /><testcase classname="tests.thesis_revision_v45.stage2.test_stage2_e2e" name="test_e2e5_next_round_bootstrap_failure_partial_finalization" time="0.002" /><testcase classname="tests.thesis_revision_v45.stage2.test_stage2_scientific" name="test_sci1_simulator_ranges_disjoint_and_cover_domain" time="0.212" /><testcase classname="tests.thesis_revision_v45.stage2.test_stage2_scientific" name="test_sci2_ledger_zero_duplicate_template_nonce" time="0.186" /><testcase classname="tests.thesis_revision_v45.stage2.test_stage2_scientific" name="test_sci3_every_active_miner_worked_or_justified_zero" time="0.194" /><testcase classname="tests.thesis_revision_v45.stage2.test_stage2_scientific" name="test_sci4_no_ledger_completion_after_round_end" time="0.172" /><testcase classname="tests.thesis_revision_v45.stage2.test_stage2_scientific" name="test_sci5_searched_count_equals_ledger_count" time="0.172" /><testcase classname="tests.thesis_revision_v45.stage2.test_stage2_scientific" name="test_sci6_fixed_target_hash_validation_exact" time="0.003" /><testcase classname="tests.thesis_revision_v45.stage2.test_stage2_scientific" name="test_sci7_zero_solution_template_full_domain_exhaustion" time="0.042" /><testcase classname="tests.thesis_revision_v45.stage2.test_stage2_scientific" name="test_sci8_matched_control_and_idle_same_template_target_winner_end" time="0.077" /><testcase classname="tests.thesis_revision_v45.stage2.test_stage2_scientific" name="test_sci9_pidle_equals_pactive_zero_saving" time="0.076" /><testcase classname="tests.thesis_revision_v45.stage2.test_stage2_scientific" name="test_sci10_canonical_a1_baseline" time="0.000" /><testcase classname="tests.thesis_revision_v45.stage2.test_stage2_scientific" name="test_s2b1_easier_target_is_superset" time="0.004" /><testcase classname="tests.thesis_revision_v45.stage2.test_stage2_scientific" name="test_s2b1_difficulty_changes_success_distribution" time="0.008" /><testcase classname="tests.thesis_revision_v45.stage2.test_stage2_scientific" name="test_s2b1_target_is_used_not_stored_and_ignored" time="0.002" /><testcase classname="tests.thesis_revision_v45.stage2.test_stage2_scientific" name="test_s2b1_zero_and_multi_solution_outcomes_exist" time="0.002" /><testcase classname="tests.thesis_revision_v45.stage2.test_stage2_semantic_vectors" name="test_tv325_partial_genesis_third_seat_fails_round_aborts_through_closure" time="0.001" /><testcase classname="tests.thesis_revision_v45.stage2.test_stage2_semantic_vectors" name="test_tv326_template_commit_seat_failure_after_genesis_seats_exist" time="0.000" /><testcase classname="tests.thesis_revision_v45.stage2.test_stage2_semantic_vectors" name="test_tv327_queued_exact_round_event_cancelled_before_rotation" time="0.000" /><testcase classname="tests.thesis_revision_v45.stage2.test_stage2_semantic_vectors" name="test_tv328_next_available_effective_round_time_binding" time="0.000" /><testcase classname="tests.thesis_revision_v45.stage2.test_stage2_semantic_vectors" name="test_tv329_future_events_during_partial_finalization_are_cancelled" time="0.000" /><testcase classname="tests.thesis_revision_v45.stage2.test_stage2_semantic_vectors" name="test_tv330_failure_between_schedule_commit_and_request_publication" time="0.000" /><testcase classname="tests.thesis_revision_v45.stage2.test_stage2_semantic_vectors" name="test_tv331_cancellation_status_publication_coherent_and_failure_captured" time="0.000" /><testcase classname="tests.thesis_revision_v45.stage2.test_stage2_semantic_vectors" name="test_tv332_distinct_equal_deficit_reserve_incidents" time="0.000" /><testcase classname="tests.thesis_revision_v45.stage2.test_stage2_semantic_vectors" name="test_tv333_exact_replay_returns_status_eventref_disposition" time="0.000" /><testcase classname="tests.thesis_revision_v45.stage2.test_stage2_semantic_vectors" name="test_tv334_foreign_run_context_sharing_eq_rejected" time="0.000" /><testcase classname="tests.thesis_revision_v45.stage2.test_stage2_semantic_vectors" name="test_tv335_duplicate_genesis_configuration_structured_failure" time="0.000" /><testcase classname="tests.thesis_revision_v45.stage2.test_stage2_semantic_vectors" name="test_tv336_cancelled_request_event_at_dispatch_no_domain_effect" time="0.000" /><testcase classname="tests.thesis_revision_v45.stage2.test_stage2_semantic_vectors" name="test_tv337_driver_target_before_frontier_rejected" time="0.000" /><testcase classname="tests.thesis_revision_v45.stage2.test_stage2_semantic_vectors" name="test_tv338_driver_binding_stale_round_scope_no_domain_effect" time="0.000" /><testcase classname="tests.thesis_revision_v45.stage2.test_stage3_security_floor" name="test_s3_01_floor_satisfied_no_activation" time="0.179" /><testcase classname="tests.thesis_revision_v45.stage2.test_stage3_security_floor" name="test_s3_02_breach_after_exhaust_seats_activation" time="0.134" /><testcase classname="tests.thesis_revision_v45.stage2.test_stage3_security_floor" name="test_s3_03_waking_reserve_not_counted" time="0.000" /><testcase classname="tests.thesis_revision_v45.stage2.test_stage3_security_floor" name="test_s3_04_completed_reserve_active_counts_and_hashes" time="0.129" /><testcase classname="tests.thesis_revision_v45.stage2.test_stage3_security_floor" name="test_s3_05_minimal_sufficient_subset" time="0.127" /><testcase classname="tests.thesis_revision_v45.stage2.test_stage3_security_floor" name="test_s3_06_two_runs_select_same_reserves_and_slices" time="0.301" /><testcase classname="tests.thesis_revision_v45.stage2.test_stage3_security_floor" name="test_s3_07_primary_and_reserve_slices_disjoint_cover_domain" time="0.146" /><testcase classname="tests.thesis_revision_v45.stage2.test_stage3_security_floor" name="test_s3_08_activated_reserve_searches_only_its_slice" time="0.160" /><testcase classname="tests.thesis_revision_v45.stage2.test_stage3_security_floor" name="test_s3_09_ledger_zero_duplicate_across_primary_and_reserve" time="0.175" /><testcase classname="tests.thesis_revision_v45.stage2.test_stage3_security_floor" name="test_s3_10_exact_replay_creates_no_second_activation" time="0.000" /><testcase classname="tests.thesis_revision_v45.stage2.test_stage3_security_floor" name="test_s3_11_stale_cross_round_activation_no_effect" time="0.000" /><testcase classname="tests.thesis_revision_v45.stage2.test_stage3_security_floor" name="test_s3_12_pool_insufficient_floor_unattainable_reports_residual" time="0.294" /><testcase classname="tests.thesis_revision_v45.stage2.test_stage3_security_floor" name="test_s3_13_continue_degraded_accumulates_exact_duration_below_floor" time="0.282" /><testcase classname="tests.thesis_revision_v45.stage2.test_stage3_security_floor" name="test_s3_14_abort_round_closes_through_owner_no_live_activation" time="0.174" /><testcase classname="tests.thesis_revision_v45.stage2.test_stage3_security_floor" name="test_s3_15_closure_cancels_pending_waking_and_terminalises_slices" time="0.450" /><testcase classname="tests.thesis_revision_v45.stage2.test_stage3_security_floor" name="test_s3_16_reserve_energy_equals_residency_terms" time="0.124" /><testcase classname="tests.thesis_revision_v45.stage2.test_stage3_security_floor" name="test_s3_17_floor_does_not_change_target_or_difficulty" time="0.000" /><testcase classname="tests.thesis_revision_v45.stage2.test_stage3_security_floor" name="test_s3_18_full_domain_no_block_includes_reserve_slices_once" time="0.166" /><testcase classname="tests.thesis_revision_v45.stage2.test_stage3_security_floor" name="test_s3_adapter_schema_stage3_fields" time="0.097" /><testcase classname="tests.thesis_revision_v45.stage2.test_stage3_security_floor" name="test_s3a_01_active_hashing_missing_assignment_excluded" time="0.000" /><testcase classname="tests.thesis_revision_v45.stage2.test_stage3_security_floor" name="test_s3a_02_sequential_wakes_observe_and_measure_initial_interval" time="0.134" /><testcase classname="tests.thesis_revision_v45.stage2.test_stage3_security_floor" name="test_s3a_03_observation_key_replay_idempotent" time="0.000" /><testcase classname="tests.thesis_revision_v45.stage2.test_stage3_security_floor" name="test_s3a_04_minimum_cardinality_selects_single_high_rate" time="0.000" /><testcase classname="tests.thesis_revision_v45.stage2.test_stage3_security_floor" name="test_s3a_05_start_seat_failure_rolls_back" time="0.000" /><testcase classname="tests.thesis_revision_v45.stage2.test_stage3_security_floor" name="test_s3a_06_complete_seat_failure_no_stranded_waking" time="0.000" /><testcase classname="tests.thesis_revision_v45.stage2.test_stage3_security_floor" name="test_s3a_07_tampered_identity_no_effect" time="0.000" /><testcase classname="tests.thesis_revision_v45.stage2.test_stage3_security_floor" name="test_s3a_08_completed_request_has_both_event_refs" time="0.126" /><testcase classname="tests.thesis_revision_v45.stage2.test_stage3_security_floor" name="test_s3a_09_closure_terminalises_all_records_and_requests" time="0.168" /><testcase classname="tests.thesis_revision_v45.stage2.test_stage3_security_floor" name="test_s3a_10_floor_zero_unused_reserve_domain_not_full_domain" time="0.139" /><testcase classname="tests.thesis_revision_v45.stage2.test_stage3_security_floor" name="test_s3a_11_true_full_domain_exhaustion_covers_all_once" time="0.126" /><testcase classname="tests.thesis_revision_v45.stage2.test_stage3_security_floor" name="test_s3a_12_adapter_enables_floor_and_activates_from_config" time="0.126" /></testsuite></testsuites>