<?xml version="1.0" encoding="utf-8"?><testsuites name="pytest tests"><testsuite name="pytest" errors="0" failures="0" skipped="0" tests="162" time="14.710" timestamp="2026-08-03T20:15:47.981658+00:00" hostname="vm"><testcase classname="tests.thesis_revision_v45.stage2.test_stage2_adapter" name="test_adapter_maps_blocksim_config" time="0.001" /><testcase classname="tests.thesis_revision_v45.stage2.test_stage2_adapter" name="test_adapter_returns_declared_schema" time="0.480" /><testcase classname="tests.thesis_revision_v45.stage2.test_stage2_adapter" name="test_adapter_default_config_is_canonical_a1_reference" time="0.000" /><testcase classname="tests.thesis_revision_v45.stage2.test_stage2_adapter" name="test_results_schema_directly" time="0.194" /><testcase classname="tests.thesis_revision_v45.stage2.test_stage2_e2e" name="test_e2e1_first_round_reaches_hashing_and_accepts" time="0.178" /><testcase classname="tests.thesis_revision_v45.stage2.test_stage2_e2e" name="test_e2e2_first_round_aborts_then_second_round_starts" time="0.433" /><testcase classname="tests.thesis_revision_v45.stage2.test_stage2_e2e" name="test_e2e3_consecutive_rounds_no_event_leakage" time="0.286" /><testcase classname="tests.thesis_revision_v45.stage2.test_stage2_e2e" name="test_e2e4_reaches_horizon_energy_and_residency_reconcile" time="1.007" /><testcase classname="tests.thesis_revision_v45.stage2.test_stage2_e2e" name="test_e2e5_next_round_bootstrap_failure_partial_finalization" time="0.002" /><testcase classname="tests.thesis_revision_v45.stage2.test_stage2_scientific" name="test_sci1_simulator_ranges_disjoint_and_cover_domain" time="0.202" /><testcase classname="tests.thesis_revision_v45.stage2.test_stage2_scientific" name="test_sci2_ledger_zero_duplicate_template_nonce" time="0.246" /><testcase classname="tests.thesis_revision_v45.stage2.test_stage2_scientific" name="test_sci3_every_active_miner_worked_or_justified_zero" time="0.198" /><testcase classname="tests.thesis_revision_v45.stage2.test_stage2_scientific" name="test_sci4_no_ledger_completion_after_round_end" time="0.196" /><testcase classname="tests.thesis_revision_v45.stage2.test_stage2_scientific" name="test_sci5_searched_count_equals_ledger_count" time="0.230" /><testcase classname="tests.thesis_revision_v45.stage2.test_stage2_scientific" name="test_sci6_fixed_target_hash_validation_exact" time="0.003" /><testcase classname="tests.thesis_revision_v45.stage2.test_stage2_scientific" name="test_sci7_zero_solution_template_full_domain_exhaustion" time="0.049" /><testcase classname="tests.thesis_revision_v45.stage2.test_stage2_scientific" name="test_sci8_matched_control_and_idle_same_template_target_winner_end" time="0.097" /><testcase classname="tests.thesis_revision_v45.stage2.test_stage2_scientific" name="test_sci9_pidle_equals_pactive_zero_saving" time="0.088" /><testcase classname="tests.thesis_revision_v45.stage2.test_stage2_scientific" name="test_sci10_canonical_a1_baseline" time="0.000" /><testcase classname="tests.thesis_revision_v45.stage2.test_stage2_scientific" name="test_s2b1_easier_target_is_superset" time="0.005" /><testcase classname="tests.thesis_revision_v45.stage2.test_stage2_scientific" name="test_s2b1_difficulty_changes_success_distribution" time="0.009" /><testcase classname="tests.thesis_revision_v45.stage2.test_stage2_scientific" name="test_s2b1_target_is_used_not_stored_and_ignored" time="0.002" /><testcase classname="tests.thesis_revision_v45.stage2.test_stage2_scientific" name="test_s2b1_zero_and_multi_solution_outcomes_exist" time="0.003" /><testcase classname="tests.thesis_revision_v45.stage2.test_stage2_semantic_vectors" name="test_tv325_partial_genesis_third_seat_fails_round_aborts_through_closure" time="0.001" /><testcase classname="tests.thesis_revision_v45.stage2.test_stage2_semantic_vectors" name="test_tv326_template_commit_seat_failure_after_genesis_seats_exist" time="0.000" /><testcase classname="tests.thesis_revision_v45.stage2.test_stage2_semantic_vectors" name="test_tv327_queued_exact_round_event_cancelled_before_rotation" time="0.000" /><testcase classname="tests.thesis_revision_v45.stage2.test_stage2_semantic_vectors" name="test_tv328_next_available_effective_round_time_binding" time="0.000" /><testcase classname="tests.thesis_revision_v45.stage2.test_stage2_semantic_vectors" name="test_tv329_future_events_during_partial_finalization_are_cancelled" time="0.000" /><testcase classname="tests.thesis_revision_v45.stage2.test_stage2_semantic_vectors" name="test_tv330_failure_between_schedule_commit_and_request_publication" time="0.000" /><testcase classname="tests.thesis_revision_v45.stage2.test_stage2_semantic_vectors" name="test_tv331_cancellation_status_publication_coherent_and_failure_captured" time="0.000" /><testcase classname="tests.thesis_revision_v45.stage2.test_stage2_semantic_vectors" name="test_tv332_distinct_equal_deficit_reserve_incidents" time="0.000" /><testcase classname="tests.thesis_revision_v45.stage2.test_stage2_semantic_vectors" name="test_tv333_exact_replay_returns_status_eventref_disposition" time="0.000" /><testcase classname="tests.thesis_revision_v45.stage2.test_stage2_semantic_vectors" name="test_tv334_foreign_run_context_sharing_eq_rejected" time="0.000" /><testcase classname="tests.thesis_revision_v45.stage2.test_stage2_semantic_vectors" name="test_tv335_duplicate_genesis_configuration_structured_failure" time="0.000" /><testcase classname="tests.thesis_revision_v45.stage2.test_stage2_semantic_vectors" name="test_tv336_cancelled_request_event_at_dispatch_no_domain_effect" time="0.000" /><testcase classname="tests.thesis_revision_v45.stage2.test_stage2_semantic_vectors" name="test_tv337_driver_target_before_frontier_rejected" time="0.000" /><testcase classname="tests.thesis_revision_v45.stage2.test_stage2_semantic_vectors" name="test_tv338_driver_binding_stale_round_scope_no_domain_effect" time="0.000" /><testcase classname="tests.thesis_revision_v45.stage2.test_stage3_security_floor" name="test_s3_01_floor_satisfied_no_activation" time="0.161" /><testcase classname="tests.thesis_revision_v45.stage2.test_stage3_security_floor" name="test_s3_02_breach_after_exhaust_seats_activation" time="0.153" /><testcase classname="tests.thesis_revision_v45.stage2.test_stage3_security_floor" name="test_s3_03_waking_reserve_not_counted" time="0.000" /><testcase classname="tests.thesis_revision_v45.stage2.test_stage3_security_floor" name="test_s3_04_completed_reserve_active_counts_and_hashes" time="0.150" /><testcase classname="tests.thesis_revision_v45.stage2.test_stage3_security_floor" name="test_s3_05_minimal_sufficient_subset" time="0.182" /><testcase classname="tests.thesis_revision_v45.stage2.test_stage3_security_floor" name="test_s3_06_two_runs_select_same_reserves_and_slices" time="0.300" /><testcase classname="tests.thesis_revision_v45.stage2.test_stage3_security_floor" name="test_s3_07_primary_and_reserve_slices_disjoint_cover_domain" time="0.148" /><testcase classname="tests.thesis_revision_v45.stage2.test_stage3_security_floor" name="test_s3_08_activated_reserve_searches_only_its_slice" time="0.145" /><testcase classname="tests.thesis_revision_v45.stage2.test_stage3_security_floor" name="test_s3_09_ledger_zero_duplicate_across_primary_and_reserve" time="0.184" /><testcase classname="tests.thesis_revision_v45.stage2.test_stage3_security_floor" name="test_s3_10_exact_replay_creates_no_second_activation" time="0.000" /><testcase classname="tests.thesis_revision_v45.stage2.test_stage3_security_floor" name="test_s3_11_stale_cross_round_activation_no_effect" time="0.000" /><testcase classname="tests.thesis_revision_v45.stage2.test_stage3_security_floor" name="test_s3_12_pool_insufficient_floor_unattainable_reports_residual" time="0.303" /><testcase classname="tests.thesis_revision_v45.stage2.test_stage3_security_floor" name="test_s3_13_continue_degraded_accumulates_exact_duration_below_floor" time="0.328" /><testcase classname="tests.thesis_revision_v45.stage2.test_stage3_security_floor" name="test_s3_14_abort_round_closes_through_owner_no_live_activation" time="0.129" /><testcase classname="tests.thesis_revision_v45.stage2.test_stage3_security_floor" name="test_s3_15_closure_cancels_pending_waking_and_terminalises_slices" time="0.421" /><testcase classname="tests.thesis_revision_v45.stage2.test_stage3_security_floor" name="test_s3_16_reserve_energy_equals_residency_terms" time="0.154" /><testcase classname="tests.thesis_revision_v45.stage2.test_stage3_security_floor" name="test_s3_17_floor_does_not_change_target_or_difficulty" time="0.000" /><testcase classname="tests.thesis_revision_v45.stage2.test_stage3_security_floor" name="test_s3_18_full_domain_no_block_includes_reserve_slices_once" time="0.149" /><testcase classname="tests.thesis_revision_v45.stage2.test_stage3_security_floor" name="test_s3_adapter_schema_stage3_fields" time="0.160" /><testcase classname="tests.thesis_revision_v45.stage2.test_stage3_security_floor" name="test_s3a_01_active_hashing_missing_assignment_excluded" time="0.000" /><testcase classname="tests.thesis_revision_v45.stage2.test_stage3_security_floor" name="test_s3a_02_sequential_wakes_observe_and_measure_initial_interval" time="0.153" /><testcase classname="tests.thesis_revision_v45.stage2.test_stage3_security_floor" name="test_s3a_03_observation_key_replay_idempotent" time="0.000" /><testcase classname="tests.thesis_revision_v45.stage2.test_stage3_security_floor" name="test_s3a_04_minimum_cardinality_selects_single_high_rate" time="0.000" /><testcase classname="tests.thesis_revision_v45.stage2.test_stage3_security_floor" name="test_s3a_05_start_seat_failure_rolls_back" time="0.000" /><testcase classname="tests.thesis_revision_v45.stage2.test_stage3_security_floor" name="test_s3a_06_complete_seat_failure_no_stranded_waking" time="0.001" /><testcase classname="tests.thesis_revision_v45.stage2.test_stage3_security_floor" name="test_s3a_07_tampered_identity_no_effect" time="0.000" /><testcase classname="tests.thesis_revision_v45.stage2.test_stage3_security_floor" name="test_s3a_08_completed_request_has_both_event_refs" time="0.149" /><testcase classname="tests.thesis_revision_v45.stage2.test_stage3_security_floor" name="test_s3a_09_closure_terminalises_all_records_and_requests" time="0.151" /><testcase classname="tests.thesis_revision_v45.stage2.test_stage3_security_floor" name="test_s3a_10_floor_zero_unused_reserve_domain_not_full_domain" time="0.167" /><testcase classname="tests.thesis_revision_v45.stage2.test_stage3_security_floor" name="test_s3a_11_true_full_domain_exhaustion_covers_all_once" time="0.189" /><testcase classname="tests.thesis_revision_v45.stage2.test_stage3_security_floor" name="test_s3a_12_adapter_enables_floor_and_activates_from_config" time="0.165" /><testcase classname="tests.thesis_revision_v45.stage2.test_stage4_range_leases" name="test_s4_01_every_primary_gets_one_active_lease" time="0.001" /><testcase classname="tests.thesis_revision_v45.stage2.test_stage4_range_leases" name="test_s4_02_every_activated_reserve_gets_one_active_lease" time="0.030" /><testcase classname="tests.thesis_revision_v45.stage2.test_stage4_range_leases" name="test_s4_03_committed_progress_is_exact" time="0.053" /><testcase classname="tests.thesis_revision_v45.stage2.test_stage4_range_leases" name="test_s4_04_planning_does_not_advance_frontier" time="0.001" /><testcase classname="tests.thesis_revision_v45.stage2.test_stage4_range_leases" name="test_s4_05_miner_failure_revokes_lease_and_cancels_hash_event" time="0.050" /><testcase classname="tests.thesis_revision_v45.stage2.test_stage4_range_leases" name="test_s4_06_new_lease_begins_at_committed_frontier" time="0.072" /><testcase classname="tests.thesis_revision_v45.stage2.test_stage4_range_leases" name="test_s4_07_reassignee_evaluates_no_nonce_below_frontier" time="0.049" /><testcase classname="tests.thesis_revision_v45.stage2.test_stage4_range_leases" name="test_s4_08_zero_duplicate_nonce_across_predecessor_and_successor" time="0.054" /><testcase classname="tests.thesis_revision_v45.stage2.test_stage4_range_leases" name="test_s4_09_stale_old_lease_hash_event_no_effect" time="0.000" /><testcase classname="tests.thesis_revision_v45.stage2.test_stage4_range_leases" name="test_s4_10_exact_replay_creates_no_second_lease_or_event" time="0.000" /><testcase classname="tests.thesis_revision_v45.stage2.test_stage4_range_leases" name="test_s4_11_two_runs_select_same_reassignment_miner" time="0.098" /><testcase classname="tests.thesis_revision_v45.stage2.test_stage4_range_leases" name="test_s4_12_reserve_reassignee_uses_stage3_wake_lifecycle" time="0.030" /><testcase classname="tests.thesis_revision_v45.stage2.test_stage4_range_leases" name="test_s4_13_no_eligible_continue_records_uncovered_suffix" time="0.001" /><testcase classname="tests.thesis_revision_v45.stage2.test_stage4_range_leases" name="test_s4_14_no_eligible_abort_closes_through_owner" time="0.009" /><testcase classname="tests.thesis_revision_v45.stage2.test_stage4_range_leases" name="test_s4_15_reassignment_seat_failure_leaves_coherent_state" time="0.002" /><testcase classname="tests.thesis_revision_v45.stage2.test_stage4_range_leases" name="test_s4_16_closure_terminalises_all_leases_and_requests" time="0.048" /><testcase classname="tests.thesis_revision_v45.stage2.test_stage4_range_leases" name="test_s4_17_full_domain_rejected_with_unassigned_suffix" time="0.001" /><testcase classname="tests.thesis_revision_v45.stage2.test_stage4_range_leases" name="test_s4_18_true_full_domain_after_reassignment_covers_all_once" time="0.054" /><testcase classname="tests.thesis_revision_v45.stage2.test_stage4_range_leases" name="test_s4_19_reassignment_energy_equals_residency_terms" time="0.054" /><testcase classname="tests.thesis_revision_v45.stage2.test_stage4_range_leases" name="test_s4_20_lease_policy_does_not_change_target_or_difficulty" time="0.000" /><testcase classname="tests.thesis_revision_v45.stage2.test_stage4_range_leases" name="test_s4_adapter_schema_and_execution_from_config" time="0.076" /><testcase classname="tests.thesis_revision_v45.stage2.test_stage4a_lease_lifecycle" name="test_s4a_01_lease_expiry_is_executable" time="0.158" /><testcase classname="tests.thesis_revision_v45.stage2.test_stage4a_lease_lifecycle" name="test_s4a_02_expiry_cancels_that_leases_queued_events" time="0.036" /><testcase classname="tests.thesis_revision_v45.stage2.test_stage4a_lease_lifecycle" name="test_s4a_03_progress_timeout_is_executable" time="0.425" /><testcase classname="tests.thesis_revision_v45.stage2.test_stage4a_lease_lifecycle" name="test_s4a_04_progress_timeout_refreshes_on_causal_advance_not_planning" time="0.128" /><testcase classname="tests.thesis_revision_v45.stage2.test_stage4a_lease_lifecycle" name="test_s4a_05_miner_cancelled_is_distinct_from_failure" time="0.237" /><testcase classname="tests.thesis_revision_v45.stage2.test_stage4a_lease_lifecycle" name="test_s4a_06_evaluate_range_lease_is_authoritative" time="0.000" /><testcase classname="tests.thesis_revision_v45.stage2.test_stage4a_lease_lifecycle" name="test_s4a_07_one_observation_per_observation_and_replay_is_idempotent" time="0.000" /><testcase classname="tests.thesis_revision_v45.stage2.test_stage4a_lease_lifecycle" name="test_s4a_08_range_exhaust_is_stale_safe_under_leases" time="0.000" /><testcase classname="tests.thesis_revision_v45.stage2.test_stage4a_lease_lifecycle" name="test_s4a_09_pathb_removes_overlapping_slice_and_binds_original_progress" time="0.071" /><testcase classname="tests.thesis_revision_v45.stage2.test_stage4a_lease_lifecycle" name="test_s4a_10_pathb_wake_rollback_leaves_no_orphan" time="0.065" /><testcase classname="tests.thesis_revision_v45.stage2.test_stage4a_lease_lifecycle" name="test_s4a_11_reassignment_replay_is_natural" time="0.000" /><testcase classname="tests.thesis_revision_v45.stage2.test_stage4a_lease_lifecycle" name="test_s4a_12_reassignment_energy_attributed_by_lifecycle_interval" time="0.110" /><testcase classname="tests.thesis_revision_v45.stage2.test_stage4a_lease_lifecycle" name="test_s4a_13_exact_metrics_across_all_correction_scenarios" time="0.927" /><testcase classname="tests.thesis_revision_v45.stage2.test_stage4a_lease_lifecycle" name="test_s4a_14_disabled_by_default_and_target_unchanged" time="0.049" /><testcase classname="tests.thesis_revision_v45.stage2.test_stage4b_terminal_pathb_replay_energy" name="test_s4b_01_lease_expiry_before_wake_never_activates_the_miner" time="0.090" /><testcase classname="tests.thesis_revision_v45.stage2.test_stage4b_terminal_pathb_replay_energy" name="test_s4b_02_expiry_after_wake_no_active_miner_without_active_lease" time="0.057" /><testcase classname="tests.thesis_revision_v45.stage2.test_stage4b_terminal_pathb_replay_energy" name="test_s4b_03_progress_timeout_transitions_miner_to_low_power" time="0.461" /><testcase classname="tests.thesis_revision_v45.stage2.test_stage4b_terminal_pathb_replay_energy" name="test_s4b_04_unknown_trigger_is_rejected_and_leaves_state_unchanged" time="0.000" /><testcase classname="tests.thesis_revision_v45.stage2.test_stage4b_terminal_pathb_replay_energy" name="test_s4b_05_range_exhaust_without_lease_id_is_rejected" time="0.000" /><testcase classname="tests.thesis_revision_v45.stage2.test_stage4b_terminal_pathb_replay_energy" name="test_s4b_06_premature_current_lease_range_exhaust_is_no_effect" time="0.000" /><testcase classname="tests.thesis_revision_v45.stage2.test_stage4b_terminal_pathb_replay_energy" name="test_s4b_07_every_frontier_advance_bumps_progress_generation_and_refreshes_timeout" time="0.155" /><testcase classname="tests.thesis_revision_v45.stage2.test_stage4b_terminal_pathb_replay_energy" name="test_s4b_08_pathb_uses_wake_handle_and_creates_no_range_slice" time="0.075" /><testcase classname="tests.thesis_revision_v45.stage2.test_stage4b_terminal_pathb_replay_energy" name="test_s4b_09_pathb_start_seat_failure_leaves_no_orphan" time="0.067" /><testcase classname="tests.thesis_revision_v45.stage2.test_stage4b_terminal_pathb_replay_energy" name="test_s4b_10_pathb_complete_seat_failure_leaves_no_orphan_or_inflight" time="0.064" /><testcase classname="tests.thesis_revision_v45.stage2.test_stage4b_terminal_pathb_replay_energy" name="test_s4b_11_natural_replay_returns_complete_stored_result" time="0.001" /><testcase classname="tests.thesis_revision_v45.stage2.test_stage4b_terminal_pathb_replay_energy" name="test_s4b_12_per_request_energy_attribution_is_complete_and_reconciles" time="0.196" /><testcase classname="tests.thesis_revision_v45.stage2.test_stage4c_exact_energy_links_deadline" name="test_s4c_01_predecessor_active_energy_is_only_the_current_lease_delta" time="0.000" /><testcase classname="tests.thesis_revision_v45.stage2.test_stage4c_exact_energy_links_deadline" name="test_s4c_02_no_later_round_idle_charged_to_the_earlier_request" time="0.000" /><testcase classname="tests.thesis_revision_v45.stage2.test_stage4c_exact_energy_links_deadline" name="test_s4c_03_reassignee_standby_is_only_seat_to_wake_interval" time="0.092" /><testcase classname="tests.thesis_revision_v45.stage2.test_stage4c_exact_energy_links_deadline" name="test_s4c_04_all_statuses_carry_all_five_components_and_residuals" time="0.001" /><testcase classname="tests.thesis_revision_v45.stage2.test_stage4c_exact_energy_links_deadline" name="test_s4c_05_same_miner_two_requests_no_double_charge" time="0.401" /><testcase classname="tests.thesis_revision_v45.stage2.test_stage4c_exact_energy_links_deadline" name="test_s4c_06_pathb_complete_seat_failure_clears_every_reverse_link" time="0.066" /><testcase classname="tests.thesis_revision_v45.stage2.test_stage4c_exact_energy_links_deadline" name="test_s4c_07_pathb_identity_auditable_after_handle_removal" time="0.069" /><testcase classname="tests.thesis_revision_v45.stage2.test_stage4c_exact_energy_links_deadline" name="test_s4c_08_missing_or_tampered_deadline_field_is_structured_no_effect" time="0.002" /><testcase classname="tests.thesis_revision_v45.stage2.test_stage4c_exact_energy_links_deadline" name="test_s4c_09_replay_and_rejection_are_state_pure" time="0.000" /><testcase classname="tests.thesis_revision_v45.stage2.test_stage5_adversarial_incentive" name="test_s5_01_every_stage5_feature_is_disabled_by_default" time="0.053" /><testcase classname="tests.thesis_revision_v45.stage2.test_stage5_adversarial_incentive" name="test_s5_02_behaviour_profiles_are_round_bound_immutable_and_replay_safe" time="0.033" /><testcase classname="tests.thesis_revision_v45.stage2.test_stage5_adversarial_incentive" name="test_s5_03_policies_reject_undeclared_vocabulary_and_out_of_range_parameters" time="0.000" /><testcase classname="tests.thesis_revision_v45.stage2.test_stage5_adversarial_incentive" name="test_s5_04_only_strategic_actor_classes_count_as_adversarial" time="0.047" /><testcase classname="tests.thesis_revision_v45.stage2.test_stage5_adversarial_incentive" name="test_s5_05_free_riding_reduces_the_actual_physical_rate_and_is_counted" time="0.111" /><testcase classname="tests.thesis_revision_v45.stage2.test_stage5_adversarial_incentive" name="test_s5_06_a_misreported_hash_rate_never_changes_the_physical_search_rate" time="0.101" /><testcase classname="tests.thesis_revision_v45.stage2.test_stage5_adversarial_incentive" name="test_s5_07_the_modeled_audit_draw_is_deterministic_and_replay_idempotent" time="0.000" /><testcase classname="tests.thesis_revision_v45.stage2.test_stage5_adversarial_incentive" name="test_s5_08_a_detected_false_exhaustion_claim_is_rejected_and_the_real_state_stands" time="0.063" /><testcase classname="tests.thesis_revision_v45.stage2.test_stage5_adversarial_incentive" name="test_s5_09_an_undetected_false_exhaustion_leaves_a_recorded_coverage_gap" time="0.075" /><testcase classname="tests.thesis_revision_v45.stage2.test_stage5_adversarial_incentive" name="test_s5_10_a_coverage_gap_round_is_never_labelled_a_full_domain_exhaustion" time="0.129" /><testcase classname="tests.thesis_revision_v45.stage2.test_stage5_adversarial_incentive" name="test_s5_11_a_withheld_solution_is_not_published_and_no_block_is_accepted" time="0.001" /><testcase classname="tests.thesis_revision_v45.stage2.test_stage5_adversarial_incentive" name="test_s5_12_a_delayed_release_is_accepted_through_the_normal_acceptance_path" time="0.008" /><testcase classname="tests.thesis_revision_v45.stage2.test_stage5_adversarial_incentive" name="test_s5_13_a_release_into_a_closed_round_performs_no_effect" time="0.001" /><testcase classname="tests.thesis_revision_v45.stage2.test_stage5_adversarial_incentive" name="test_s5_14_a_withheld_round_is_never_labelled_a_full_domain_exhaustion" time="0.001" /><testcase classname="tests.thesis_revision_v45.stage2.test_stage5_adversarial_incentive" name="test_s5_15_a_delayed_wake_keeps_the_miner_waking_for_the_whole_extra_interval" time="0.018" /><testcase classname="tests.thesis_revision_v45.stage2.test_stage5_adversarial_incentive" name="test_s5_16_delaying_a_wake_costs_wake_energy_and_never_saves_energy" time="0.024" /><testcase classname="tests.thesis_revision_v45.stage2.test_stage5_adversarial_incentive" name="test_s5_17_an_out_of_range_attempt_is_rejected_with_no_credit_of_any_kind" time="0.054" /><testcase classname="tests.thesis_revision_v45.stage2.test_stage5_adversarial_incentive" name="test_s5_18_progress_withholding_lowers_the_accepted_frontier_and_costs_re_evaluation" time="0.000" /><testcase classname="tests.thesis_revision_v45.stage2.test_stage5_adversarial_incentive" name="test_s5_19_work_reward_is_paid_per_unique_accepted_committed_evaluation" time="0.022" /><testcase classname="tests.thesis_revision_v45.stage2.test_stage5_adversarial_incentive" name="test_s5_20_the_ledger_is_replay_idempotent_and_reconciles_exactly" time="0.014" /><testcase classname="tests.thesis_revision_v45.stage2.test_stage5_adversarial_incentive" name="test_s5_21_the_winner_reward_goes_only_to_the_solver_of_an_accepted_block" time="0.012" /><testcase classname="tests.thesis_revision_v45.stage2.test_stage5_adversarial_incentive" name="test_s5_22_penalties_require_a_detected_or_rejected_action_and_spare_crash_faults" time="0.166" /><testcase classname="tests.thesis_revision_v45.stage2.test_stage5_adversarial_incentive" name="test_s5_23_naive_and_deduplicated_accounting_are_computed_in_parallel" time="0.101" /><testcase classname="tests.thesis_revision_v45.stage2.test_stage5_adversarial_incentive" name="test_s5_24_q_adv_uses_actual_active_rates_and_is_na_when_no_capacity_is_active" time="0.098" /><testcase classname="tests.thesis_revision_v45.stage2.test_stage5_adversarial_incentive" name="test_s5_25_stage5_actions_are_round_terminal_and_the_registry_is_replay_idempotent" time="0.005" /><testcase classname="tests.thesis_revision_v45.stage2.test_stage5_adversarial_incentive" name="test_s5_26_no_stage5_parameter_changes_the_fixed_target_and_the_schema_is_preserved" time="0.011" /><testcase classname="tests.thesis_revision_v45.stage2.test_stage5a_frontier_reward_behaviour" name="test_s5a_01_physical_frontier_stays_monotonic_after_an_accepted_withholding_claim" time="0.073" /><testcase classname="tests.thesis_revision_v45.stage2.test_stage5a_frontier_reward_behaviour" name="test_s5a_02_actual_reported_and_accepted_frontiers_are_independently_queryable" time="0.001" /><testcase classname="tests.thesis_revision_v45.stage2.test_stage5a_frontier_reward_behaviour" name="test_s5a_03_overlapping_intervals_reward_exactly_the_unique_nonce_union" time="0.000" /><testcase classname="tests.thesis_revision_v45.stage2.test_stage5a_frontier_reward_behaviour" name="test_s5a_04_union_residual_is_zero_and_forty_duplicate_rewards_are_prevented" time="0.000" /><testcase classname="tests.thesis_revision_v45.stage2.test_stage5a_frontier_reward_behaviour" name="test_s5a_05_reported_rate_allocation_changes_range_size_but_not_physical_rate" time="0.126" /><testcase classname="tests.thesis_revision_v45.stage2.test_stage5a_frontier_reward_behaviour" name="test_s5a_06_splitting_creates_real_subassignments_within_one_capacity_budget" time="0.046" /><testcase classname="tests.thesis_revision_v45.stage2.test_stage5a_frontier_reward_behaviour" name="test_s5a_07_split_subranges_are_disjoint_and_do_not_increase_throughput" time="0.092" /><testcase classname="tests.thesis_revision_v45.stage2.test_stage5a_frontier_reward_behaviour" name="test_s5a_08_virtual_identities_are_explicit_and_grant_no_physical_capacity" time="0.125" /><testcase classname="tests.thesis_revision_v45.stage2.test_stage5a_frontier_reward_behaviour" name="test_s5a_09_a_defector_is_not_penalised_when_the_round_closes_before_the_action" time="0.001" /><testcase classname="tests.thesis_revision_v45.stage2.test_stage5a_frontier_reward_behaviour" name="test_s5a_10_an_executed_abandonment_creates_exactly_one_penalty_entry" time="0.083" /><testcase classname="tests.thesis_revision_v45.stage2.test_stage5a_frontier_reward_behaviour" name="test_s5a_11_two_wake_episodes_create_two_distinct_delayed_wake_actions" time="0.000" /><testcase classname="tests.thesis_revision_v45.stage2.test_stage5a_frontier_reward_behaviour" name="test_s5a_12_action_limit_offset_and_alternative_solution_won_all_have_effects" time="0.183" /></testsuite></testsuites>