<?xml version="1.0" encoding="utf-8"?><testsuites name="pytest tests"><testsuite name="pytest" errors="0" failures="0" skipped="0" tests="30" time="2.702" timestamp="2026-08-02T19:50:32.617620+00:00" hostname="vm"><testcase classname="tests.thesis_revision_v45.stage2.test_stage2_adapter" name="test_adapter_maps_blocksim_config" time="0.001" /><testcase classname="tests.thesis_revision_v45.stage2.test_stage2_adapter" name="test_adapter_returns_declared_schema" time="0.308" /><testcase classname="tests.thesis_revision_v45.stage2.test_stage2_adapter" name="test_adapter_default_config_is_canonical_a1_control" time="0.000" /><testcase classname="tests.thesis_revision_v45.stage2.test_stage2_adapter" name="test_results_schema_directly" time="0.128" /><testcase classname="tests.thesis_revision_v45.stage2.test_stage2_e2e" name="test_e2e1_first_round_reaches_hashing_and_accepts" time="0.123" /><testcase classname="tests.thesis_revision_v45.stage2.test_stage2_e2e" name="test_e2e2_first_round_aborts_then_second_round_starts" time="0.332" /><testcase classname="tests.thesis_revision_v45.stage2.test_stage2_e2e" name="test_e2e3_consecutive_rounds_no_event_leakage" time="0.240" /><testcase classname="tests.thesis_revision_v45.stage2.test_stage2_e2e" name="test_e2e4_reaches_horizon_energy_and_residency_reconcile" time="0.886" /><testcase classname="tests.thesis_revision_v45.stage2.test_stage2_e2e" name="test_e2e5_next_round_bootstrap_failure_partial_finalization" time="0.001" /><testcase classname="tests.thesis_revision_v45.stage2.test_stage2_scientific" name="test_sci1_disjoint_assignments_cover_domain_exactly" time="0.001" /><testcase classname="tests.thesis_revision_v45.stage2.test_stage2_scientific" name="test_sci2_zero_duplicate_nonce_evaluations" time="0.001" /><testcase classname="tests.thesis_revision_v45.stage2.test_stage2_scientific" name="test_sci3_all_active_miners_contribute_hash_work" time="0.624" /><testcase classname="tests.thesis_revision_v45.stage2.test_stage2_scientific" name="test_sci4_energy_identity_residual_within_tolerance" time="0.001" /><testcase classname="tests.thesis_revision_v45.stage2.test_stage2_scientific" name="test_sci5_pidle_equals_pactive_zero_saving" time="0.001" /><testcase classname="tests.thesis_revision_v45.stage2.test_stage2_scientific" name="test_sci6_canonical_a1_baseline" time="0.000" /><testcase classname="tests.thesis_revision_v45.stage2.test_stage2_scientific" name="test_sci7_matched_control_and_idle_same_success_and_round_end" time="0.002" /><testcase classname="tests.thesis_revision_v45.stage2.test_stage2_semantic_vectors" name="test_tv325_partial_genesis_third_seat_actually_fails" time="0.001" /><testcase classname="tests.thesis_revision_v45.stage2.test_stage2_semantic_vectors" name="test_tv326_template_commit_seat_failure_after_genesis_seats_exist" time="0.001" /><testcase classname="tests.thesis_revision_v45.stage2.test_stage2_semantic_vectors" name="test_tv327_queued_exact_round_event_cancelled_before_rotation" time="0.001" /><testcase classname="tests.thesis_revision_v45.stage2.test_stage2_semantic_vectors" name="test_tv328_next_available_effective_round_time_binding" time="0.000" /><testcase classname="tests.thesis_revision_v45.stage2.test_stage2_semantic_vectors" name="test_tv329_future_events_during_partial_finalization_are_cancelled" time="0.000" /><testcase classname="tests.thesis_revision_v45.stage2.test_stage2_semantic_vectors" name="test_tv330_failure_between_schedule_commit_and_request_publication" time="0.000" /><testcase classname="tests.thesis_revision_v45.stage2.test_stage2_semantic_vectors" name="test_tv331_cancellation_status_publication_coherent_and_failure_captured" time="0.000" /><testcase classname="tests.thesis_revision_v45.stage2.test_stage2_semantic_vectors" name="test_tv332_distinct_equal_deficit_reserve_incidents" time="0.000" /><testcase classname="tests.thesis_revision_v45.stage2.test_stage2_semantic_vectors" name="test_tv333_exact_replay_returns_status_eventref_disposition" time="0.000" /><testcase classname="tests.thesis_revision_v45.stage2.test_stage2_semantic_vectors" name="test_tv334_foreign_run_context_sharing_eq_rejected" time="0.000" /><testcase classname="tests.thesis_revision_v45.stage2.test_stage2_semantic_vectors" name="test_tv335_duplicate_genesis_configuration_structured_failure" time="0.000" /><testcase classname="tests.thesis_revision_v45.stage2.test_stage2_semantic_vectors" name="test_tv336_cancelled_request_event_at_dispatch_no_domain_effect" time="0.000" /><testcase classname="tests.thesis_revision_v45.stage2.test_stage2_semantic_vectors" name="test_tv337_driver_target_before_frontier_rejected" time="0.000" /><testcase classname="tests.thesis_revision_v45.stage2.test_stage2_semantic_vectors" name="test_tv338_driver_binding_stale_round_scope_no_domain_effect" time="0.000" /></testsuite></testsuites>