============================= test session starts ==============================
platform linux -- Python 3.11.15, pytest-9.1.1, pluggy-1.6.0 -- /usr/local/bin/python3
rootdir: /home/user/blocksim-v45-stage2
collecting ... collected 30 items

tests/thesis_revision_v45/stage2/test_stage2_adapter.py::test_adapter_maps_blocksim_config PASSED [  3%]
tests/thesis_revision_v45/stage2/test_stage2_adapter.py::test_adapter_returns_declared_schema PASSED [  6%]
tests/thesis_revision_v45/stage2/test_stage2_adapter.py::test_adapter_default_config_is_canonical_a1_control PASSED [ 10%]
tests/thesis_revision_v45/stage2/test_stage2_adapter.py::test_results_schema_directly PASSED [ 13%]
tests/thesis_revision_v45/stage2/test_stage2_e2e.py::test_e2e1_first_round_reaches_hashing_and_accepts PASSED [ 16%]
tests/thesis_revision_v45/stage2/test_stage2_e2e.py::test_e2e2_first_round_aborts_then_second_round_starts PASSED [ 20%]
tests/thesis_revision_v45/stage2/test_stage2_e2e.py::test_e2e3_consecutive_rounds_no_event_leakage PASSED [ 23%]
tests/thesis_revision_v45/stage2/test_stage2_e2e.py::test_e2e4_reaches_horizon_energy_and_residency_reconcile PASSED [ 26%]
tests/thesis_revision_v45/stage2/test_stage2_e2e.py::test_e2e5_next_round_bootstrap_failure_partial_finalization PASSED [ 30%]
tests/thesis_revision_v45/stage2/test_stage2_scientific.py::test_sci1_disjoint_assignments_cover_domain_exactly PASSED [ 33%]
tests/thesis_revision_v45/stage2/test_stage2_scientific.py::test_sci2_zero_duplicate_nonce_evaluations PASSED [ 36%]
tests/thesis_revision_v45/stage2/test_stage2_scientific.py::test_sci3_all_active_miners_contribute_hash_work PASSED [ 40%]
tests/thesis_revision_v45/stage2/test_stage2_scientific.py::test_sci4_energy_identity_residual_within_tolerance PASSED [ 43%]
tests/thesis_revision_v45/stage2/test_stage2_scientific.py::test_sci5_pidle_equals_pactive_zero_saving PASSED [ 46%]
tests/thesis_revision_v45/stage2/test_stage2_scientific.py::test_sci6_canonical_a1_baseline PASSED [ 50%]
tests/thesis_revision_v45/stage2/test_stage2_scientific.py::test_sci7_matched_control_and_idle_same_success_and_round_end PASSED [ 53%]
tests/thesis_revision_v45/stage2/test_stage2_semantic_vectors.py::test_tv325_partial_genesis_third_seat_actually_fails PASSED [ 56%]
tests/thesis_revision_v45/stage2/test_stage2_semantic_vectors.py::test_tv326_template_commit_seat_failure_after_genesis_seats_exist PASSED [ 60%]
tests/thesis_revision_v45/stage2/test_stage2_semantic_vectors.py::test_tv327_queued_exact_round_event_cancelled_before_rotation PASSED [ 63%]
tests/thesis_revision_v45/stage2/test_stage2_semantic_vectors.py::test_tv328_next_available_effective_round_time_binding PASSED [ 66%]
tests/thesis_revision_v45/stage2/test_stage2_semantic_vectors.py::test_tv329_future_events_during_partial_finalization_are_cancelled PASSED [ 70%]
tests/thesis_revision_v45/stage2/test_stage2_semantic_vectors.py::test_tv330_failure_between_schedule_commit_and_request_publication PASSED [ 73%]
tests/thesis_revision_v45/stage2/test_stage2_semantic_vectors.py::test_tv331_cancellation_status_publication_coherent_and_failure_captured PASSED [ 76%]
tests/thesis_revision_v45/stage2/test_stage2_semantic_vectors.py::test_tv332_distinct_equal_deficit_reserve_incidents PASSED [ 80%]
tests/thesis_revision_v45/stage2/test_stage2_semantic_vectors.py::test_tv333_exact_replay_returns_status_eventref_disposition PASSED [ 83%]
tests/thesis_revision_v45/stage2/test_stage2_semantic_vectors.py::test_tv334_foreign_run_context_sharing_eq_rejected PASSED [ 86%]
tests/thesis_revision_v45/stage2/test_stage2_semantic_vectors.py::test_tv335_duplicate_genesis_configuration_structured_failure PASSED [ 90%]
tests/thesis_revision_v45/stage2/test_stage2_semantic_vectors.py::test_tv336_cancelled_request_event_at_dispatch_no_domain_effect PASSED [ 93%]
tests/thesis_revision_v45/stage2/test_stage2_semantic_vectors.py::test_tv337_driver_target_before_frontier_rejected PASSED [ 96%]
tests/thesis_revision_v45/stage2/test_stage2_semantic_vectors.py::test_tv338_driver_binding_stale_round_scope_no_domain_effect PASSED [100%]

- generated xml file: /home/user/blocksim-v45-stage2/docs/thesis_revision_v45/stage_02/evidence/pytest_stage2a.junit.xml -
============================== slowest durations ===============================
0.89s call     tests/thesis_revision_v45/stage2/test_stage2_e2e.py::test_e2e4_reaches_horizon_energy_and_residency_reconcile
0.62s call     tests/thesis_revision_v45/stage2/test_stage2_scientific.py::test_sci3_all_active_miners_contribute_hash_work
0.33s call     tests/thesis_revision_v45/stage2/test_stage2_e2e.py::test_e2e2_first_round_aborts_then_second_round_starts
0.31s call     tests/thesis_revision_v45/stage2/test_stage2_adapter.py::test_adapter_returns_declared_schema
0.24s call     tests/thesis_revision_v45/stage2/test_stage2_e2e.py::test_e2e3_consecutive_rounds_no_event_leakage
0.13s call     tests/thesis_revision_v45/stage2/test_stage2_adapter.py::test_results_schema_directly
0.12s call     tests/thesis_revision_v45/stage2/test_stage2_e2e.py::test_e2e1_first_round_reaches_hashing_and_accepts

(83 durations < 0.005s hidden.  Use -vv to show these durations.)
============================== 30 passed in 2.70s ==============================
