<?xml version="1.0" encoding="utf-8"?><testsuites name="pytest tests"><testsuite name="pytest" errors="0" failures="0" skipped="0" tests="124" time="14.329" timestamp="2026-08-03T16:26:16.161829+00:00" hostname="vm"><testcase classname="tests.thesis_revision_v45.stage2.test_stage2_adapter" name="test_adapter_maps_blocksim_config" time="0.001" /><testcase classname="tests.thesis_revision_v45.stage2.test_stage2_adapter" name="test_adapter_returns_declared_schema" time="0.549" /><testcase classname="tests.thesis_revision_v45.stage2.test_stage2_adapter" name="test_adapter_default_config_is_canonical_a1_reference" time="0.000" /><testcase classname="tests.thesis_revision_v45.stage2.test_stage2_adapter" name="test_results_schema_directly" time="0.229" /><testcase classname="tests.thesis_revision_v45.stage2.test_stage2_e2e" name="test_e2e1_first_round_reaches_hashing_and_accepts" time="0.198" /><testcase classname="tests.thesis_revision_v45.stage2.test_stage2_e2e" name="test_e2e2_first_round_aborts_then_second_round_starts" time="0.464" /><testcase classname="tests.thesis_revision_v45.stage2.test_stage2_e2e" name="test_e2e3_consecutive_rounds_no_event_leakage" time="0.331" /><testcase classname="tests.thesis_revision_v45.stage2.test_stage2_e2e" name="test_e2e4_reaches_horizon_energy_and_residency_reconcile" time="1.219" /><testcase classname="tests.thesis_revision_v45.stage2.test_stage2_e2e" name="test_e2e5_next_round_bootstrap_failure_partial_finalization" time="0.003" /><testcase classname="tests.thesis_revision_v45.stage2.test_stage2_scientific" name="test_sci1_simulator_ranges_disjoint_and_cover_domain" time="0.251" /><testcase classname="tests.thesis_revision_v45.stage2.test_stage2_scientific" name="test_sci2_ledger_zero_duplicate_template_nonce" time="0.306" /><testcase classname="tests.thesis_revision_v45.stage2.test_stage2_scientific" name="test_sci3_every_active_miner_worked_or_justified_zero" time="0.231" /><testcase classname="tests.thesis_revision_v45.stage2.test_stage2_scientific" name="test_sci4_no_ledger_completion_after_round_end" time="0.235" /><testcase classname="tests.thesis_revision_v45.stage2.test_stage2_scientific" name="test_sci5_searched_count_equals_ledger_count" time="0.223" /><testcase classname="tests.thesis_revision_v45.stage2.test_stage2_scientific" name="test_sci6_fixed_target_hash_validation_exact" time="0.005" /><testcase classname="tests.thesis_revision_v45.stage2.test_stage2_scientific" name="test_sci7_zero_solution_template_full_domain_exhaustion" time="0.100" /><testcase classname="tests.thesis_revision_v45.stage2.test_stage2_scientific" name="test_sci8_matched_control_and_idle_same_template_target_winner_end" time="0.115" /><testcase classname="tests.thesis_revision_v45.stage2.test_stage2_scientific" name="test_sci9_pidle_equals_pactive_zero_saving" time="0.119" /><testcase classname="tests.thesis_revision_v45.stage2.test_stage2_scientific" name="test_sci10_canonical_a1_baseline" time="0.000" /><testcase classname="tests.thesis_revision_v45.stage2.test_stage2_scientific" name="test_s2b1_easier_target_is_superset" time="0.007" /><testcase classname="tests.thesis_revision_v45.stage2.test_stage2_scientific" name="test_s2b1_difficulty_changes_success_distribution" time="0.012" /><testcase classname="tests.thesis_revision_v45.stage2.test_stage2_scientific" name="test_s2b1_target_is_used_not_stored_and_ignored" time="0.002" /><testcase classname="tests.thesis_revision_v45.stage2.test_stage2_scientific" name="test_s2b1_zero_and_multi_solution_outcomes_exist" time="0.003" /><testcase classname="tests.thesis_revision_v45.stage2.test_stage2_semantic_vectors" name="test_tv325_partial_genesis_third_seat_fails_round_aborts_through_closure" time="0.001" /><testcase classname="tests.thesis_revision_v45.stage2.test_stage2_semantic_vectors" name="test_tv326_template_commit_seat_failure_after_genesis_seats_exist" time="0.001" /><testcase classname="tests.thesis_revision_v45.stage2.test_stage2_semantic_vectors" name="test_tv327_queued_exact_round_event_cancelled_before_rotation" time="0.000" /><testcase classname="tests.thesis_revision_v45.stage2.test_stage2_semantic_vectors" name="test_tv328_next_available_effective_round_time_binding" time="0.000" /><testcase classname="tests.thesis_revision_v45.stage2.test_stage2_semantic_vectors" name="test_tv329_future_events_during_partial_finalization_are_cancelled" time="0.001" /><testcase classname="tests.thesis_revision_v45.stage2.test_stage2_semantic_vectors" name="test_tv330_failure_between_schedule_commit_and_request_publication" time="0.000" /><testcase classname="tests.thesis_revision_v45.stage2.test_stage2_semantic_vectors" name="test_tv331_cancellation_status_publication_coherent_and_failure_captured" time="0.000" /><testcase classname="tests.thesis_revision_v45.stage2.test_stage2_semantic_vectors" name="test_tv332_distinct_equal_deficit_reserve_incidents" time="0.000" /><testcase classname="tests.thesis_revision_v45.stage2.test_stage2_semantic_vectors" name="test_tv333_exact_replay_returns_status_eventref_disposition" time="0.000" /><testcase classname="tests.thesis_revision_v45.stage2.test_stage2_semantic_vectors" name="test_tv334_foreign_run_context_sharing_eq_rejected" time="0.000" /><testcase classname="tests.thesis_revision_v45.stage2.test_stage2_semantic_vectors" name="test_tv335_duplicate_genesis_configuration_structured_failure" time="0.000" /><testcase classname="tests.thesis_revision_v45.stage2.test_stage2_semantic_vectors" name="test_tv336_cancelled_request_event_at_dispatch_no_domain_effect" time="0.000" /><testcase classname="tests.thesis_revision_v45.stage2.test_stage2_semantic_vectors" name="test_tv337_driver_target_before_frontier_rejected" time="0.000" /><testcase classname="tests.thesis_revision_v45.stage2.test_stage2_semantic_vectors" name="test_tv338_driver_binding_stale_round_scope_no_domain_effect" time="0.001" /><testcase classname="tests.thesis_revision_v45.stage2.test_stage3_security_floor" name="test_s3_01_floor_satisfied_no_activation" time="0.191" /><testcase classname="tests.thesis_revision_v45.stage2.test_stage3_security_floor" name="test_s3_02_breach_after_exhaust_seats_activation" time="0.165" /><testcase classname="tests.thesis_revision_v45.stage2.test_stage3_security_floor" name="test_s3_03_waking_reserve_not_counted" time="0.000" /><testcase classname="tests.thesis_revision_v45.stage2.test_stage3_security_floor" name="test_s3_04_completed_reserve_active_counts_and_hashes" time="0.166" /><testcase classname="tests.thesis_revision_v45.stage2.test_stage3_security_floor" name="test_s3_05_minimal_sufficient_subset" time="0.163" /><testcase classname="tests.thesis_revision_v45.stage2.test_stage3_security_floor" name="test_s3_06_two_runs_select_same_reserves_and_slices" time="0.388" /><testcase classname="tests.thesis_revision_v45.stage2.test_stage3_security_floor" name="test_s3_07_primary_and_reserve_slices_disjoint_cover_domain" time="0.162" /><testcase classname="tests.thesis_revision_v45.stage2.test_stage3_security_floor" name="test_s3_08_activated_reserve_searches_only_its_slice" time="0.164" /><testcase classname="tests.thesis_revision_v45.stage2.test_stage3_security_floor" name="test_s3_09_ledger_zero_duplicate_across_primary_and_reserve" time="0.204" /><testcase classname="tests.thesis_revision_v45.stage2.test_stage3_security_floor" name="test_s3_10_exact_replay_creates_no_second_activation" time="0.000" /><testcase classname="tests.thesis_revision_v45.stage2.test_stage3_security_floor" name="test_s3_11_stale_cross_round_activation_no_effect" time="0.000" /><testcase classname="tests.thesis_revision_v45.stage2.test_stage3_security_floor" name="test_s3_12_pool_insufficient_floor_unattainable_reports_residual" time="0.357" /><testcase classname="tests.thesis_revision_v45.stage2.test_stage3_security_floor" name="test_s3_13_continue_degraded_accumulates_exact_duration_below_floor" time="0.427" /><testcase classname="tests.thesis_revision_v45.stage2.test_stage3_security_floor" name="test_s3_14_abort_round_closes_through_owner_no_live_activation" time="0.159" /><testcase classname="tests.thesis_revision_v45.stage2.test_stage3_security_floor" name="test_s3_15_closure_cancels_pending_waking_and_terminalises_slices" time="0.448" /><testcase classname="tests.thesis_revision_v45.stage2.test_stage3_security_floor" name="test_s3_16_reserve_energy_equals_residency_terms" time="0.215" /><testcase classname="tests.thesis_revision_v45.stage2.test_stage3_security_floor" name="test_s3_17_floor_does_not_change_target_or_difficulty" time="0.000" /><testcase classname="tests.thesis_revision_v45.stage2.test_stage3_security_floor" name="test_s3_18_full_domain_no_block_includes_reserve_slices_once" time="0.213" /><testcase classname="tests.thesis_revision_v45.stage2.test_stage3_security_floor" name="test_s3_adapter_schema_stage3_fields" time="0.170" /><testcase classname="tests.thesis_revision_v45.stage2.test_stage3_security_floor" name="test_s3a_01_active_hashing_missing_assignment_excluded" time="0.000" /><testcase classname="tests.thesis_revision_v45.stage2.test_stage3_security_floor" name="test_s3a_02_sequential_wakes_observe_and_measure_initial_interval" time="0.165" /><testcase classname="tests.thesis_revision_v45.stage2.test_stage3_security_floor" name="test_s3a_03_observation_key_replay_idempotent" time="0.000" /><testcase classname="tests.thesis_revision_v45.stage2.test_stage3_security_floor" name="test_s3a_04_minimum_cardinality_selects_single_high_rate" time="0.000" /><testcase classname="tests.thesis_revision_v45.stage2.test_stage3_security_floor" name="test_s3a_05_start_seat_failure_rolls_back" time="0.000" /><testcase classname="tests.thesis_revision_v45.stage2.test_stage3_security_floor" name="test_s3a_06_complete_seat_failure_no_stranded_waking" time="0.000" /><testcase classname="tests.thesis_revision_v45.stage2.test_stage3_security_floor" name="test_s3a_07_tampered_identity_no_effect" time="0.000" /><testcase classname="tests.thesis_revision_v45.stage2.test_stage3_security_floor" name="test_s3a_08_completed_request_has_both_event_refs" time="0.162" /><testcase classname="tests.thesis_revision_v45.stage2.test_stage3_security_floor" name="test_s3a_09_closure_terminalises_all_records_and_requests" time="0.161" /><testcase classname="tests.thesis_revision_v45.stage2.test_stage3_security_floor" name="test_s3a_10_floor_zero_unused_reserve_domain_not_full_domain" time="0.172" /><testcase classname="tests.thesis_revision_v45.stage2.test_stage3_security_floor" name="test_s3a_11_true_full_domain_exhaustion_covers_all_once" time="0.225" /><testcase classname="tests.thesis_revision_v45.stage2.test_stage3_security_floor" name="test_s3a_12_adapter_enables_floor_and_activates_from_config" time="0.179" /><testcase classname="tests.thesis_revision_v45.stage2.test_stage4_range_leases" name="test_s4_01_every_primary_gets_one_active_lease" time="0.001" /><testcase classname="tests.thesis_revision_v45.stage2.test_stage4_range_leases" name="test_s4_02_every_activated_reserve_gets_one_active_lease" time="0.030" /><testcase classname="tests.thesis_revision_v45.stage2.test_stage4_range_leases" name="test_s4_03_committed_progress_is_exact" time="0.053" /><testcase classname="tests.thesis_revision_v45.stage2.test_stage4_range_leases" name="test_s4_04_planning_does_not_advance_frontier" time="0.001" /><testcase classname="tests.thesis_revision_v45.stage2.test_stage4_range_leases" name="test_s4_05_miner_failure_revokes_lease_and_cancels_hash_event" time="0.051" /><testcase classname="tests.thesis_revision_v45.stage2.test_stage4_range_leases" name="test_s4_06_new_lease_begins_at_committed_frontier" time="0.054" /><testcase classname="tests.thesis_revision_v45.stage2.test_stage4_range_leases" name="test_s4_07_reassignee_evaluates_no_nonce_below_frontier" time="0.086" /><testcase classname="tests.thesis_revision_v45.stage2.test_stage4_range_leases" name="test_s4_08_zero_duplicate_nonce_across_predecessor_and_successor" time="0.059" /><testcase classname="tests.thesis_revision_v45.stage2.test_stage4_range_leases" name="test_s4_09_stale_old_lease_hash_event_no_effect" time="0.000" /><testcase classname="tests.thesis_revision_v45.stage2.test_stage4_range_leases" name="test_s4_10_exact_replay_creates_no_second_lease_or_event" time="0.000" /><testcase classname="tests.thesis_revision_v45.stage2.test_stage4_range_leases" name="test_s4_11_two_runs_select_same_reassignment_miner" time="0.105" /><testcase classname="tests.thesis_revision_v45.stage2.test_stage4_range_leases" name="test_s4_12_reserve_reassignee_uses_stage3_wake_lifecycle" time="0.034" /><testcase classname="tests.thesis_revision_v45.stage2.test_stage4_range_leases" name="test_s4_13_no_eligible_continue_records_uncovered_suffix" time="0.001" /><testcase classname="tests.thesis_revision_v45.stage2.test_stage4_range_leases" name="test_s4_14_no_eligible_abort_closes_through_owner" time="0.009" /><testcase classname="tests.thesis_revision_v45.stage2.test_stage4_range_leases" name="test_s4_15_reassignment_seat_failure_leaves_coherent_state" time="0.002" /><testcase classname="tests.thesis_revision_v45.stage2.test_stage4_range_leases" name="test_s4_16_closure_terminalises_all_leases_and_requests" time="0.052" /><testcase classname="tests.thesis_revision_v45.stage2.test_stage4_range_leases" name="test_s4_17_full_domain_rejected_with_unassigned_suffix" time="0.002" /><testcase classname="tests.thesis_revision_v45.stage2.test_stage4_range_leases" name="test_s4_18_true_full_domain_after_reassignment_covers_all_once" time="0.052" /><testcase classname="tests.thesis_revision_v45.stage2.test_stage4_range_leases" name="test_s4_19_reassignment_energy_equals_residency_terms" time="0.054" /><testcase classname="tests.thesis_revision_v45.stage2.test_stage4_range_leases" name="test_s4_20_lease_policy_does_not_change_target_or_difficulty" time="0.000" /><testcase classname="tests.thesis_revision_v45.stage2.test_stage4_range_leases" name="test_s4_adapter_schema_and_execution_from_config" time="0.058" /><testcase classname="tests.thesis_revision_v45.stage2.test_stage4a_lease_lifecycle" name="test_s4a_01_lease_expiry_is_executable" time="0.171" /><testcase classname="tests.thesis_revision_v45.stage2.test_stage4a_lease_lifecycle" name="test_s4a_02_expiry_cancels_that_leases_queued_events" time="0.036" /><testcase classname="tests.thesis_revision_v45.stage2.test_stage4a_lease_lifecycle" name="test_s4a_03_progress_timeout_is_executable" time="0.461" /><testcase classname="tests.thesis_revision_v45.stage2.test_stage4a_lease_lifecycle" name="test_s4a_04_progress_timeout_refreshes_on_causal_advance_not_planning" time="0.138" /><testcase classname="tests.thesis_revision_v45.stage2.test_stage4a_lease_lifecycle" name="test_s4a_05_miner_cancelled_is_distinct_from_failure" time="0.267" /><testcase classname="tests.thesis_revision_v45.stage2.test_stage4a_lease_lifecycle" name="test_s4a_06_evaluate_range_lease_is_authoritative" time="0.001" /><testcase classname="tests.thesis_revision_v45.stage2.test_stage4a_lease_lifecycle" name="test_s4a_07_one_observation_per_observation_and_replay_is_idempotent" time="0.000" /><testcase classname="tests.thesis_revision_v45.stage2.test_stage4a_lease_lifecycle" name="test_s4a_08_range_exhaust_is_stale_safe_under_leases" time="0.000" /><testcase classname="tests.thesis_revision_v45.stage2.test_stage4a_lease_lifecycle" name="test_s4a_09_pathb_removes_overlapping_slice_and_binds_original_progress" time="0.077" /><testcase classname="tests.thesis_revision_v45.stage2.test_stage4a_lease_lifecycle" name="test_s4a_10_pathb_wake_rollback_leaves_no_orphan" time="0.070" /><testcase classname="tests.thesis_revision_v45.stage2.test_stage4a_lease_lifecycle" name="test_s4a_11_reassignment_replay_is_natural" time="0.000" /><testcase classname="tests.thesis_revision_v45.stage2.test_stage4a_lease_lifecycle" name="test_s4a_12_reassignment_energy_attributed_by_lifecycle_interval" time="0.126" /><testcase classname="tests.thesis_revision_v45.stage2.test_stage4a_lease_lifecycle" name="test_s4a_13_exact_metrics_across_all_correction_scenarios" time="1.021" /><testcase classname="tests.thesis_revision_v45.stage2.test_stage4a_lease_lifecycle" name="test_s4a_14_disabled_by_default_and_target_unchanged" time="0.047" /><testcase classname="tests.thesis_revision_v45.stage2.test_stage4b_terminal_pathb_replay_energy" name="test_s4b_01_lease_expiry_before_wake_never_activates_the_miner" time="0.087" /><testcase classname="tests.thesis_revision_v45.stage2.test_stage4b_terminal_pathb_replay_energy" name="test_s4b_02_expiry_after_wake_no_active_miner_without_active_lease" time="0.058" /><testcase classname="tests.thesis_revision_v45.stage2.test_stage4b_terminal_pathb_replay_energy" name="test_s4b_03_progress_timeout_transitions_miner_to_low_power" time="0.520" /><testcase classname="tests.thesis_revision_v45.stage2.test_stage4b_terminal_pathb_replay_energy" name="test_s4b_04_unknown_trigger_is_rejected_and_leaves_state_unchanged" time="0.000" /><testcase classname="tests.thesis_revision_v45.stage2.test_stage4b_terminal_pathb_replay_energy" name="test_s4b_05_range_exhaust_without_lease_id_is_rejected" time="0.000" /><testcase classname="tests.thesis_revision_v45.stage2.test_stage4b_terminal_pathb_replay_energy" name="test_s4b_06_premature_current_lease_range_exhaust_is_no_effect" time="0.000" /><testcase classname="tests.thesis_revision_v45.stage2.test_stage4b_terminal_pathb_replay_energy" name="test_s4b_07_every_frontier_advance_bumps_progress_generation_and_refreshes_timeout" time="0.154" /><testcase classname="tests.thesis_revision_v45.stage2.test_stage4b_terminal_pathb_replay_energy" name="test_s4b_08_pathb_uses_wake_handle_and_creates_no_range_slice" time="0.074" /><testcase classname="tests.thesis_revision_v45.stage2.test_stage4b_terminal_pathb_replay_energy" name="test_s4b_09_pathb_start_seat_failure_leaves_no_orphan" time="0.069" /><testcase classname="tests.thesis_revision_v45.stage2.test_stage4b_terminal_pathb_replay_energy" name="test_s4b_10_pathb_complete_seat_failure_leaves_no_orphan_or_inflight" time="0.066" /><testcase classname="tests.thesis_revision_v45.stage2.test_stage4b_terminal_pathb_replay_energy" name="test_s4b_11_natural_replay_returns_complete_stored_result" time="0.000" /><testcase classname="tests.thesis_revision_v45.stage2.test_stage4b_terminal_pathb_replay_energy" name="test_s4b_12_per_request_energy_attribution_is_complete_and_reconciles" time="0.162" /><testcase classname="tests.thesis_revision_v45.stage2.test_stage4c_exact_energy_links_deadline" name="test_s4c_01_predecessor_active_energy_is_only_the_current_lease_delta" time="0.000" /><testcase classname="tests.thesis_revision_v45.stage2.test_stage4c_exact_energy_links_deadline" name="test_s4c_02_no_later_round_idle_charged_to_the_earlier_request" time="0.000" /><testcase classname="tests.thesis_revision_v45.stage2.test_stage4c_exact_energy_links_deadline" name="test_s4c_03_reassignee_standby_is_only_seat_to_wake_interval" time="0.069" /><testcase classname="tests.thesis_revision_v45.stage2.test_stage4c_exact_energy_links_deadline" name="test_s4c_04_all_statuses_carry_all_five_components_and_residuals" time="0.000" /><testcase classname="tests.thesis_revision_v45.stage2.test_stage4c_exact_energy_links_deadline" name="test_s4c_05_same_miner_two_requests_no_double_charge" time="0.383" /><testcase classname="tests.thesis_revision_v45.stage2.test_stage4c_exact_energy_links_deadline" name="test_s4c_06_pathb_complete_seat_failure_clears_every_reverse_link" time="0.066" /><testcase classname="tests.thesis_revision_v45.stage2.test_stage4c_exact_energy_links_deadline" name="test_s4c_07_pathb_identity_auditable_after_handle_removal" time="0.066" /><testcase classname="tests.thesis_revision_v45.stage2.test_stage4c_exact_energy_links_deadline" name="test_s4c_08_missing_or_tampered_deadline_field_is_structured_no_effect" time="0.002" /><testcase classname="tests.thesis_revision_v45.stage2.test_stage4c_exact_energy_links_deadline" name="test_s4c_09_replay_and_rejection_are_state_pure" time="0.000" /></testsuite></testsuites>