<?xml version="1.0" encoding="utf-8"?><testsuites name="pytest tests"><testsuite name="pytest" errors="0" failures="0" skipped="0" tests="195" time="15.845" timestamp="2026-08-04T04:24:57.196238+00:00" hostname="vm"><testcase classname="tests.thesis_revision_v45.stage2.test_stage2_adapter" name="test_adapter_maps_blocksim_config" time="0.001" /><testcase classname="tests.thesis_revision_v45.stage2.test_stage2_adapter" name="test_adapter_returns_declared_schema" time="0.579" /><testcase classname="tests.thesis_revision_v45.stage2.test_stage2_adapter" name="test_adapter_default_config_is_canonical_a1_reference" time="0.000" /><testcase classname="tests.thesis_revision_v45.stage2.test_stage2_adapter" name="test_results_schema_directly" time="0.188" /><testcase classname="tests.thesis_revision_v45.stage2.test_stage2_e2e" name="test_e2e1_first_round_reaches_hashing_and_accepts" time="0.168" /><testcase classname="tests.thesis_revision_v45.stage2.test_stage2_e2e" name="test_e2e2_first_round_aborts_then_second_round_starts" time="0.406" /><testcase classname="tests.thesis_revision_v45.stage2.test_stage2_e2e" name="test_e2e3_consecutive_rounds_no_event_leakage" time="0.273" /><testcase classname="tests.thesis_revision_v45.stage2.test_stage2_e2e" name="test_e2e4_reaches_horizon_energy_and_residency_reconcile" time="1.001" /><testcase classname="tests.thesis_revision_v45.stage2.test_stage2_e2e" name="test_e2e5_next_round_bootstrap_failure_partial_finalization" time="0.002" /><testcase classname="tests.thesis_revision_v45.stage2.test_stage2_scientific" name="test_sci1_simulator_ranges_disjoint_and_cover_domain" time="0.203" /><testcase classname="tests.thesis_revision_v45.stage2.test_stage2_scientific" name="test_sci2_ledger_zero_duplicate_template_nonce" time="0.265" /><testcase classname="tests.thesis_revision_v45.stage2.test_stage2_scientific" name="test_sci3_every_active_miner_worked_or_justified_zero" time="0.199" /><testcase classname="tests.thesis_revision_v45.stage2.test_stage2_scientific" name="test_sci4_no_ledger_completion_after_round_end" time="0.199" /><testcase classname="tests.thesis_revision_v45.stage2.test_stage2_scientific" name="test_sci5_searched_count_equals_ledger_count" time="0.234" /><testcase classname="tests.thesis_revision_v45.stage2.test_stage2_scientific" name="test_sci6_fixed_target_hash_validation_exact" time="0.003" /><testcase classname="tests.thesis_revision_v45.stage2.test_stage2_scientific" name="test_sci7_zero_solution_template_full_domain_exhaustion" time="0.050" /><testcase classname="tests.thesis_revision_v45.stage2.test_stage2_scientific" name="test_sci8_matched_control_and_idle_same_template_target_winner_end" time="0.094" /><testcase classname="tests.thesis_revision_v45.stage2.test_stage2_scientific" name="test_sci9_pidle_equals_pactive_zero_saving" time="0.093" /><testcase classname="tests.thesis_revision_v45.stage2.test_stage2_scientific" name="test_sci10_canonical_a1_baseline" time="0.000" /><testcase classname="tests.thesis_revision_v45.stage2.test_stage2_scientific" name="test_s2b1_easier_target_is_superset" time="0.005" /><testcase classname="tests.thesis_revision_v45.stage2.test_stage2_scientific" name="test_s2b1_difficulty_changes_success_distribution" time="0.009" /><testcase classname="tests.thesis_revision_v45.stage2.test_stage2_scientific" name="test_s2b1_target_is_used_not_stored_and_ignored" time="0.002" /><testcase classname="tests.thesis_revision_v45.stage2.test_stage2_scientific" name="test_s2b1_zero_and_multi_solution_outcomes_exist" time="0.002" /><testcase classname="tests.thesis_revision_v45.stage2.test_stage2_semantic_vectors" name="test_tv325_partial_genesis_third_seat_fails_round_aborts_through_closure" time="0.000" /><testcase classname="tests.thesis_revision_v45.stage2.test_stage2_semantic_vectors" name="test_tv326_template_commit_seat_failure_after_genesis_seats_exist" time="0.001" /><testcase classname="tests.thesis_revision_v45.stage2.test_stage2_semantic_vectors" name="test_tv327_queued_exact_round_event_cancelled_before_rotation" time="0.000" /><testcase classname="tests.thesis_revision_v45.stage2.test_stage2_semantic_vectors" name="test_tv328_next_available_effective_round_time_binding" time="0.000" /><testcase classname="tests.thesis_revision_v45.stage2.test_stage2_semantic_vectors" name="test_tv329_future_events_during_partial_finalization_are_cancelled" time="0.000" /><testcase classname="tests.thesis_revision_v45.stage2.test_stage2_semantic_vectors" name="test_tv330_failure_between_schedule_commit_and_request_publication" time="0.000" /><testcase classname="tests.thesis_revision_v45.stage2.test_stage2_semantic_vectors" name="test_tv331_cancellation_status_publication_coherent_and_failure_captured" time="0.000" /><testcase classname="tests.thesis_revision_v45.stage2.test_stage2_semantic_vectors" name="test_tv332_distinct_equal_deficit_reserve_incidents" time="0.000" /><testcase classname="tests.thesis_revision_v45.stage2.test_stage2_semantic_vectors" name="test_tv333_exact_replay_returns_status_eventref_disposition" time="0.000" /><testcase classname="tests.thesis_revision_v45.stage2.test_stage2_semantic_vectors" name="test_tv334_foreign_run_context_sharing_eq_rejected" time="0.000" /><testcase classname="tests.thesis_revision_v45.stage2.test_stage2_semantic_vectors" name="test_tv335_duplicate_genesis_configuration_structured_failure" time="0.000" /><testcase classname="tests.thesis_revision_v45.stage2.test_stage2_semantic_vectors" name="test_tv336_cancelled_request_event_at_dispatch_no_domain_effect" time="0.000" /><testcase classname="tests.thesis_revision_v45.stage2.test_stage2_semantic_vectors" name="test_tv337_driver_target_before_frontier_rejected" time="0.000" /><testcase classname="tests.thesis_revision_v45.stage2.test_stage2_semantic_vectors" name="test_tv338_driver_binding_stale_round_scope_no_domain_effect" time="0.000" /><testcase classname="tests.thesis_revision_v45.stage2.test_stage3_security_floor" name="test_s3_01_floor_satisfied_no_activation" time="0.167" /><testcase classname="tests.thesis_revision_v45.stage2.test_stage3_security_floor" name="test_s3_02_breach_after_exhaust_seats_activation" time="0.150" /><testcase classname="tests.thesis_revision_v45.stage2.test_stage3_security_floor" name="test_s3_03_waking_reserve_not_counted" time="0.000" /><testcase classname="tests.thesis_revision_v45.stage2.test_stage3_security_floor" name="test_s3_04_completed_reserve_active_counts_and_hashes" time="0.151" /><testcase classname="tests.thesis_revision_v45.stage2.test_stage3_security_floor" name="test_s3_05_minimal_sufficient_subset" time="0.181" /><testcase classname="tests.thesis_revision_v45.stage2.test_stage3_security_floor" name="test_s3_06_two_runs_select_same_reserves_and_slices" time="0.293" /><testcase classname="tests.thesis_revision_v45.stage2.test_stage3_security_floor" name="test_s3_07_primary_and_reserve_slices_disjoint_cover_domain" time="0.143" /><testcase classname="tests.thesis_revision_v45.stage2.test_stage3_security_floor" name="test_s3_08_activated_reserve_searches_only_its_slice" time="0.173" /><testcase classname="tests.thesis_revision_v45.stage2.test_stage3_security_floor" name="test_s3_09_ledger_zero_duplicate_across_primary_and_reserve" time="0.153" /><testcase classname="tests.thesis_revision_v45.stage2.test_stage3_security_floor" name="test_s3_10_exact_replay_creates_no_second_activation" time="0.000" /><testcase classname="tests.thesis_revision_v45.stage2.test_stage3_security_floor" name="test_s3_11_stale_cross_round_activation_no_effect" time="0.000" /><testcase classname="tests.thesis_revision_v45.stage2.test_stage3_security_floor" name="test_s3_12_pool_insufficient_floor_unattainable_reports_residual" time="0.301" /><testcase classname="tests.thesis_revision_v45.stage2.test_stage3_security_floor" name="test_s3_13_continue_degraded_accumulates_exact_duration_below_floor" time="0.338" /><testcase classname="tests.thesis_revision_v45.stage2.test_stage3_security_floor" name="test_s3_14_abort_round_closes_through_owner_no_live_activation" time="0.135" /><testcase classname="tests.thesis_revision_v45.stage2.test_stage3_security_floor" name="test_s3_15_closure_cancels_pending_waking_and_terminalises_slices" time="0.431" /><testcase classname="tests.thesis_revision_v45.stage2.test_stage3_security_floor" name="test_s3_16_reserve_energy_equals_residency_terms" time="0.154" /><testcase classname="tests.thesis_revision_v45.stage2.test_stage3_security_floor" name="test_s3_17_floor_does_not_change_target_or_difficulty" time="0.000" /><testcase classname="tests.thesis_revision_v45.stage2.test_stage3_security_floor" name="test_s3_18_full_domain_no_block_includes_reserve_slices_once" time="0.148" /><testcase classname="tests.thesis_revision_v45.stage2.test_stage3_security_floor" name="test_s3_adapter_schema_stage3_fields" time="0.164" /><testcase classname="tests.thesis_revision_v45.stage2.test_stage3_security_floor" name="test_s3a_01_active_hashing_missing_assignment_excluded" time="0.000" /><testcase classname="tests.thesis_revision_v45.stage2.test_stage3_security_floor" name="test_s3a_02_sequential_wakes_observe_and_measure_initial_interval" time="0.159" /><testcase classname="tests.thesis_revision_v45.stage2.test_stage3_security_floor" name="test_s3a_03_observation_key_replay_idempotent" time="0.000" /><testcase classname="tests.thesis_revision_v45.stage2.test_stage3_security_floor" name="test_s3a_04_minimum_cardinality_selects_single_high_rate" time="0.000" /><testcase classname="tests.thesis_revision_v45.stage2.test_stage3_security_floor" name="test_s3a_05_start_seat_failure_rolls_back" time="0.000" /><testcase classname="tests.thesis_revision_v45.stage2.test_stage3_security_floor" name="test_s3a_06_complete_seat_failure_no_stranded_waking" time="0.001" /><testcase classname="tests.thesis_revision_v45.stage2.test_stage3_security_floor" name="test_s3a_07_tampered_identity_no_effect" time="0.000" /><testcase classname="tests.thesis_revision_v45.stage2.test_stage3_security_floor" name="test_s3a_08_completed_request_has_both_event_refs" time="0.158" /><testcase classname="tests.thesis_revision_v45.stage2.test_stage3_security_floor" name="test_s3a_09_closure_terminalises_all_records_and_requests" time="0.146" /><testcase classname="tests.thesis_revision_v45.stage2.test_stage3_security_floor" name="test_s3a_10_floor_zero_unused_reserve_domain_not_full_domain" time="0.194" /><testcase classname="tests.thesis_revision_v45.stage2.test_stage3_security_floor" name="test_s3a_11_true_full_domain_exhaustion_covers_all_once" time="0.156" /><testcase classname="tests.thesis_revision_v45.stage2.test_stage3_security_floor" name="test_s3a_12_adapter_enables_floor_and_activates_from_config" time="0.170" /><testcase classname="tests.thesis_revision_v45.stage2.test_stage4_range_leases" name="test_s4_01_every_primary_gets_one_active_lease" time="0.001" /><testcase classname="tests.thesis_revision_v45.stage2.test_stage4_range_leases" name="test_s4_02_every_activated_reserve_gets_one_active_lease" time="0.028" /><testcase classname="tests.thesis_revision_v45.stage2.test_stage4_range_leases" name="test_s4_03_committed_progress_is_exact" time="0.049" /><testcase classname="tests.thesis_revision_v45.stage2.test_stage4_range_leases" name="test_s4_04_planning_does_not_advance_frontier" time="0.001" /><testcase classname="tests.thesis_revision_v45.stage2.test_stage4_range_leases" name="test_s4_05_miner_failure_revokes_lease_and_cancels_hash_event" time="0.076" /><testcase classname="tests.thesis_revision_v45.stage2.test_stage4_range_leases" name="test_s4_06_new_lease_begins_at_committed_frontier" time="0.051" /><testcase classname="tests.thesis_revision_v45.stage2.test_stage4_range_leases" name="test_s4_07_reassignee_evaluates_no_nonce_below_frontier" time="0.050" /><testcase classname="tests.thesis_revision_v45.stage2.test_stage4_range_leases" name="test_s4_08_zero_duplicate_nonce_across_predecessor_and_successor" time="0.057" /><testcase classname="tests.thesis_revision_v45.stage2.test_stage4_range_leases" name="test_s4_09_stale_old_lease_hash_event_no_effect" time="0.000" /><testcase classname="tests.thesis_revision_v45.stage2.test_stage4_range_leases" name="test_s4_10_exact_replay_creates_no_second_lease_or_event" time="0.000" /><testcase classname="tests.thesis_revision_v45.stage2.test_stage4_range_leases" name="test_s4_11_two_runs_select_same_reassignment_miner" time="0.097" /><testcase classname="tests.thesis_revision_v45.stage2.test_stage4_range_leases" name="test_s4_12_reserve_reassignee_uses_stage3_wake_lifecycle" time="0.032" /><testcase classname="tests.thesis_revision_v45.stage2.test_stage4_range_leases" name="test_s4_13_no_eligible_continue_records_uncovered_suffix" time="0.001" /><testcase classname="tests.thesis_revision_v45.stage2.test_stage4_range_leases" name="test_s4_14_no_eligible_abort_closes_through_owner" time="0.009" /><testcase classname="tests.thesis_revision_v45.stage2.test_stage4_range_leases" name="test_s4_15_reassignment_seat_failure_leaves_coherent_state" time="0.002" /><testcase classname="tests.thesis_revision_v45.stage2.test_stage4_range_leases" name="test_s4_16_closure_terminalises_all_leases_and_requests" time="0.050" /><testcase classname="tests.thesis_revision_v45.stage2.test_stage4_range_leases" name="test_s4_17_full_domain_rejected_with_unassigned_suffix" time="0.001" /><testcase classname="tests.thesis_revision_v45.stage2.test_stage4_range_leases" name="test_s4_18_true_full_domain_after_reassignment_covers_all_once" time="0.050" /><testcase classname="tests.thesis_revision_v45.stage2.test_stage4_range_leases" name="test_s4_19_reassignment_energy_equals_residency_terms" time="0.048" /><testcase classname="tests.thesis_revision_v45.stage2.test_stage4_range_leases" name="test_s4_20_lease_policy_does_not_change_target_or_difficulty" time="0.000" /><testcase classname="tests.thesis_revision_v45.stage2.test_stage4_range_leases" name="test_s4_adapter_schema_and_execution_from_config" time="0.074" /><testcase classname="tests.thesis_revision_v45.stage2.test_stage4a_lease_lifecycle" name="test_s4a_01_lease_expiry_is_executable" time="0.141" /><testcase classname="tests.thesis_revision_v45.stage2.test_stage4a_lease_lifecycle" name="test_s4a_02_expiry_cancels_that_leases_queued_events" time="0.033" /><testcase classname="tests.thesis_revision_v45.stage2.test_stage4a_lease_lifecycle" name="test_s4a_03_progress_timeout_is_executable" time="0.408" /><testcase classname="tests.thesis_revision_v45.stage2.test_stage4a_lease_lifecycle" name="test_s4a_04_progress_timeout_refreshes_on_causal_advance_not_planning" time="0.130" /><testcase classname="tests.thesis_revision_v45.stage2.test_stage4a_lease_lifecycle" name="test_s4a_05_miner_cancelled_is_distinct_from_failure" time="0.238" /><testcase classname="tests.thesis_revision_v45.stage2.test_stage4a_lease_lifecycle" name="test_s4a_06_evaluate_range_lease_is_authoritative" time="0.000" /><testcase classname="tests.thesis_revision_v45.stage2.test_stage4a_lease_lifecycle" name="test_s4a_07_one_observation_per_observation_and_replay_is_idempotent" time="0.000" /><testcase classname="tests.thesis_revision_v45.stage2.test_stage4a_lease_lifecycle" name="test_s4a_08_range_exhaust_is_stale_safe_under_leases" time="0.000" /><testcase classname="tests.thesis_revision_v45.stage2.test_stage4a_lease_lifecycle" name="test_s4a_09_pathb_removes_overlapping_slice_and_binds_original_progress" time="0.066" /><testcase classname="tests.thesis_revision_v45.stage2.test_stage4a_lease_lifecycle" name="test_s4a_10_pathb_wake_rollback_leaves_no_orphan" time="0.060" /><testcase classname="tests.thesis_revision_v45.stage2.test_stage4a_lease_lifecycle" name="test_s4a_11_reassignment_replay_is_natural" time="0.000" /><testcase classname="tests.thesis_revision_v45.stage2.test_stage4a_lease_lifecycle" name="test_s4a_12_reassignment_energy_attributed_by_lifecycle_interval" time="0.114" /><testcase classname="tests.thesis_revision_v45.stage2.test_stage4a_lease_lifecycle" name="test_s4a_13_exact_metrics_across_all_correction_scenarios" time="0.893" /><testcase classname="tests.thesis_revision_v45.stage2.test_stage4a_lease_lifecycle" name="test_s4a_14_disabled_by_default_and_target_unchanged" time="0.047" /><testcase classname="tests.thesis_revision_v45.stage2.test_stage4b_terminal_pathb_replay_energy" name="test_s4b_01_lease_expiry_before_wake_never_activates_the_miner" time="0.085" /><testcase classname="tests.thesis_revision_v45.stage2.test_stage4b_terminal_pathb_replay_energy" name="test_s4b_02_expiry_after_wake_no_active_miner_without_active_lease" time="0.053" /><testcase classname="tests.thesis_revision_v45.stage2.test_stage4b_terminal_pathb_replay_energy" name="test_s4b_03_progress_timeout_transitions_miner_to_low_power" time="0.441" /><testcase classname="tests.thesis_revision_v45.stage2.test_stage4b_terminal_pathb_replay_energy" name="test_s4b_04_unknown_trigger_is_rejected_and_leaves_state_unchanged" time="0.000" /><testcase classname="tests.thesis_revision_v45.stage2.test_stage4b_terminal_pathb_replay_energy" name="test_s4b_05_range_exhaust_without_lease_id_is_rejected" time="0.000" /><testcase classname="tests.thesis_revision_v45.stage2.test_stage4b_terminal_pathb_replay_energy" name="test_s4b_06_premature_current_lease_range_exhaust_is_no_effect" time="0.000" /><testcase classname="tests.thesis_revision_v45.stage2.test_stage4b_terminal_pathb_replay_energy" name="test_s4b_07_every_frontier_advance_bumps_progress_generation_and_refreshes_timeout" time="0.146" /><testcase classname="tests.thesis_revision_v45.stage2.test_stage4b_terminal_pathb_replay_energy" name="test_s4b_08_pathb_uses_wake_handle_and_creates_no_range_slice" time="0.065" /><testcase classname="tests.thesis_revision_v45.stage2.test_stage4b_terminal_pathb_replay_energy" name="test_s4b_09_pathb_start_seat_failure_leaves_no_orphan" time="0.062" /><testcase classname="tests.thesis_revision_v45.stage2.test_stage4b_terminal_pathb_replay_energy" name="test_s4b_10_pathb_complete_seat_failure_leaves_no_orphan_or_inflight" time="0.064" /><testcase classname="tests.thesis_revision_v45.stage2.test_stage4b_terminal_pathb_replay_energy" name="test_s4b_11_natural_replay_returns_complete_stored_result" time="0.000" /><testcase classname="tests.thesis_revision_v45.stage2.test_stage4b_terminal_pathb_replay_energy" name="test_s4b_12_per_request_energy_attribution_is_complete_and_reconciles" time="0.195" /><testcase classname="tests.thesis_revision_v45.stage2.test_stage4c_exact_energy_links_deadline" name="test_s4c_01_predecessor_active_energy_is_only_the_current_lease_delta" time="0.000" /><testcase classname="tests.thesis_revision_v45.stage2.test_stage4c_exact_energy_links_deadline" name="test_s4c_02_no_later_round_idle_charged_to_the_earlier_request" time="0.000" /><testcase classname="tests.thesis_revision_v45.stage2.test_stage4c_exact_energy_links_deadline" name="test_s4c_03_reassignee_standby_is_only_seat_to_wake_interval" time="0.062" /><testcase classname="tests.thesis_revision_v45.stage2.test_stage4c_exact_energy_links_deadline" name="test_s4c_04_all_statuses_carry_all_five_components_and_residuals" time="0.001" /><testcase classname="tests.thesis_revision_v45.stage2.test_stage4c_exact_energy_links_deadline" name="test_s4c_05_same_miner_two_requests_no_double_charge" time="0.303" /><testcase classname="tests.thesis_revision_v45.stage2.test_stage4c_exact_energy_links_deadline" name="test_s4c_06_pathb_complete_seat_failure_clears_every_reverse_link" time="0.061" /><testcase classname="tests.thesis_revision_v45.stage2.test_stage4c_exact_energy_links_deadline" name="test_s4c_07_pathb_identity_auditable_after_handle_removal" time="0.060" /><testcase classname="tests.thesis_revision_v45.stage2.test_stage4c_exact_energy_links_deadline" name="test_s4c_08_missing_or_tampered_deadline_field_is_structured_no_effect" time="0.002" /><testcase classname="tests.thesis_revision_v45.stage2.test_stage4c_exact_energy_links_deadline" name="test_s4c_09_replay_and_rejection_are_state_pure" time="0.000" /><testcase classname="tests.thesis_revision_v45.stage2.test_stage5_adversarial_incentive" name="test_s5_01_every_stage5_feature_is_disabled_by_default" time="0.042" /><testcase classname="tests.thesis_revision_v45.stage2.test_stage5_adversarial_incentive" name="test_s5_02_behaviour_profiles_are_round_bound_immutable_and_replay_safe" time="0.029" /><testcase classname="tests.thesis_revision_v45.stage2.test_stage5_adversarial_incentive" name="test_s5_03_policies_reject_undeclared_vocabulary_and_out_of_range_parameters" time="0.000" /><testcase classname="tests.thesis_revision_v45.stage2.test_stage5_adversarial_incentive" name="test_s5_04_only_strategic_actor_classes_count_as_adversarial" time="0.046" /><testcase classname="tests.thesis_revision_v45.stage2.test_stage5_adversarial_incentive" name="test_s5_05_free_riding_reduces_the_actual_physical_rate_and_is_counted" time="0.108" /><testcase classname="tests.thesis_revision_v45.stage2.test_stage5_adversarial_incentive" name="test_s5_06_a_misreported_hash_rate_never_changes_the_physical_search_rate" time="0.099" /><testcase classname="tests.thesis_revision_v45.stage2.test_stage5_adversarial_incentive" name="test_s5_07_the_modeled_audit_draw_is_deterministic_and_replay_idempotent" time="0.000" /><testcase classname="tests.thesis_revision_v45.stage2.test_stage5_adversarial_incentive" name="test_s5_08_a_detected_false_exhaustion_claim_is_rejected_and_the_real_state_stands" time="0.047" /><testcase classname="tests.thesis_revision_v45.stage2.test_stage5_adversarial_incentive" name="test_s5_09_an_undetected_false_exhaustion_leaves_a_recorded_coverage_gap" time="0.059" /><testcase classname="tests.thesis_revision_v45.stage2.test_stage5_adversarial_incentive" name="test_s5_10_a_coverage_gap_round_is_never_labelled_a_full_domain_exhaustion" time="0.098" /><testcase classname="tests.thesis_revision_v45.stage2.test_stage5_adversarial_incentive" name="test_s5_11_a_withheld_solution_is_not_published_and_no_block_is_accepted" time="0.001" /><testcase classname="tests.thesis_revision_v45.stage2.test_stage5_adversarial_incentive" name="test_s5_12_a_delayed_release_is_accepted_through_the_normal_acceptance_path" time="0.006" /><testcase classname="tests.thesis_revision_v45.stage2.test_stage5_adversarial_incentive" name="test_s5_13_a_release_into_a_closed_round_performs_no_effect" time="0.000" /><testcase classname="tests.thesis_revision_v45.stage2.test_stage5_adversarial_incentive" name="test_s5_14_a_withheld_round_is_never_labelled_a_full_domain_exhaustion" time="0.001" /><testcase classname="tests.thesis_revision_v45.stage2.test_stage5_adversarial_incentive" name="test_s5_15_a_delayed_wake_keeps_the_miner_waking_for_the_whole_extra_interval" time="0.013" /><testcase classname="tests.thesis_revision_v45.stage2.test_stage5_adversarial_incentive" name="test_s5_16_delaying_a_wake_costs_wake_energy_and_never_saves_energy" time="0.018" /><testcase classname="tests.thesis_revision_v45.stage2.test_stage5_adversarial_incentive" name="test_s5_17_an_out_of_range_attempt_is_rejected_with_no_credit_of_any_kind" time="0.050" /><testcase classname="tests.thesis_revision_v45.stage2.test_stage5_adversarial_incentive" name="test_s5_18_progress_withholding_lowers_the_accepted_frontier_and_costs_re_evaluation" time="0.000" /><testcase classname="tests.thesis_revision_v45.stage2.test_stage5_adversarial_incentive" name="test_s5_19_work_reward_is_paid_per_unique_accepted_committed_evaluation" time="0.023" /><testcase classname="tests.thesis_revision_v45.stage2.test_stage5_adversarial_incentive" name="test_s5_20_the_ledger_is_replay_idempotent_and_reconciles_exactly" time="0.014" /><testcase classname="tests.thesis_revision_v45.stage2.test_stage5_adversarial_incentive" name="test_s5_21_the_winner_reward_goes_only_to_the_solver_of_an_accepted_block" time="0.011" /><testcase classname="tests.thesis_revision_v45.stage2.test_stage5_adversarial_incentive" name="test_s5_22_penalties_require_a_detected_or_rejected_action_and_spare_crash_faults" time="0.161" /><testcase classname="tests.thesis_revision_v45.stage2.test_stage5_adversarial_incentive" name="test_s5_23_naive_and_deduplicated_accounting_are_computed_in_parallel" time="0.103" /><testcase classname="tests.thesis_revision_v45.stage2.test_stage5_adversarial_incentive" name="test_s5_24_q_adv_uses_actual_active_rates_and_is_na_when_no_capacity_is_active" time="0.089" /><testcase classname="tests.thesis_revision_v45.stage2.test_stage5_adversarial_incentive" name="test_s5_25_stage5_actions_are_round_terminal_and_the_registry_is_replay_idempotent" time="0.005" /><testcase classname="tests.thesis_revision_v45.stage2.test_stage5_adversarial_incentive" name="test_s5_26_no_stage5_parameter_changes_the_fixed_target_and_the_schema_is_preserved" time="0.011" /><testcase classname="tests.thesis_revision_v45.stage2.test_stage5a_frontier_reward_behaviour" name="test_s5a_01_physical_frontier_stays_monotonic_after_an_accepted_withholding_claim" time="0.077" /><testcase classname="tests.thesis_revision_v45.stage2.test_stage5a_frontier_reward_behaviour" name="test_s5a_02_actual_reported_and_accepted_frontiers_are_independently_queryable" time="0.001" /><testcase classname="tests.thesis_revision_v45.stage2.test_stage5a_frontier_reward_behaviour" name="test_s5a_03_overlapping_intervals_reward_exactly_the_unique_nonce_union" time="0.001" /><testcase classname="tests.thesis_revision_v45.stage2.test_stage5a_frontier_reward_behaviour" name="test_s5a_04_union_residual_is_zero_and_forty_duplicate_rewards_are_prevented" time="0.000" /><testcase classname="tests.thesis_revision_v45.stage2.test_stage5a_frontier_reward_behaviour" name="test_s5a_05_reported_rate_allocation_changes_range_size_but_not_physical_rate" time="0.126" /><testcase classname="tests.thesis_revision_v45.stage2.test_stage5a_frontier_reward_behaviour" name="test_s5a_06_splitting_creates_real_subassignments_within_one_capacity_budget" time="0.048" /><testcase classname="tests.thesis_revision_v45.stage2.test_stage5a_frontier_reward_behaviour" name="test_s5a_07_split_subranges_are_disjoint_and_do_not_increase_throughput" time="0.130" /><testcase classname="tests.thesis_revision_v45.stage2.test_stage5a_frontier_reward_behaviour" name="test_s5a_08_virtual_identities_are_explicit_and_grant_no_physical_capacity" time="0.089" /><testcase classname="tests.thesis_revision_v45.stage2.test_stage5a_frontier_reward_behaviour" name="test_s5a_09_a_defector_is_not_penalised_when_the_round_closes_before_the_action" time="0.001" /><testcase classname="tests.thesis_revision_v45.stage2.test_stage5a_frontier_reward_behaviour" name="test_s5a_10_an_executed_abandonment_creates_exactly_one_penalty_entry" time="0.084" /><testcase classname="tests.thesis_revision_v45.stage2.test_stage5a_frontier_reward_behaviour" name="test_s5a_11_two_wake_episodes_create_two_distinct_delayed_wake_actions" time="0.001" /><testcase classname="tests.thesis_revision_v45.stage2.test_stage5a_frontier_reward_behaviour" name="test_s5a_12_action_limit_offset_and_alternative_solution_won_all_have_effects" time="0.176" /><testcase classname="tests.thesis_revision_v45.stage2.test_stage5b_ownership_pathb_wake_coverage" name="test_s5b_01_unique_suffix_work_belongs_to_the_reassignee_predecessor_keeps_its_own" time="0.001" /><testcase classname="tests.thesis_revision_v45.stage2.test_stage5b_ownership_pathb_wake_coverage" name="test_s5b_01b_both_accounting_views_use_the_same_ownership_map" time="0.000" /><testcase classname="tests.thesis_revision_v45.stage2.test_stage5b_ownership_pathb_wake_coverage" name="test_s5b_02_second_finalisation_changes_neither_the_ledger_nor_any_derived_metric" time="0.001" /><testcase classname="tests.thesis_revision_v45.stage2.test_stage5b_ownership_pathb_wake_coverage" name="test_s5b_03_a_true_path_b_reserve_reassignment_applies_accepted_frontier_separation" time="0.074" /><testcase classname="tests.thesis_revision_v45.stage2.test_stage5b_ownership_pathb_wake_coverage" name="test_s5b_04_initial_reserve_path_a_and_path_b_wakes_all_consult_delayed_wake_policy" time="0.126" /><testcase classname="tests.thesis_revision_v45.stage2.test_stage5b_ownership_pathb_wake_coverage" name="test_s5b_04b_exact_wake_replay_returns_the_same_action_and_consumes_no_budget" time="0.000" /><testcase classname="tests.thesis_revision_v45.stage2.test_stage5b_ownership_pathb_wake_coverage" name="test_s5b_05_a_real_delayed_wake_triggers_another_reserve_activation" time="0.016" /><testcase classname="tests.thesis_revision_v45.stage2.test_stage5b_ownership_pathb_wake_coverage" name="test_s5b_06_a_wake_cancelled_before_its_delay_ends_charges_only_the_realised_delay" time="0.014" /><testcase classname="tests.thesis_revision_v45.stage2.test_stage5b_ownership_pathb_wake_coverage" name="test_s5b_07_a_zero_action_budget_blocks_every_action_type_and_replay_costs_nothing" time="0.000" /><testcase classname="tests.thesis_revision_v45.stage2.test_stage5b_ownership_pathb_wake_coverage" name="test_s5b_08_free_riding_at_one_half_and_splitting_four_ways_conserves_effective_capacity" time="0.041" /><testcase classname="tests.thesis_revision_v45.stage2.test_stage5b_ownership_pathb_wake_coverage" name="test_s5b_09_subassignment_and_identity_accounting_derive_from_records_without_extra_work" time="0.076" /><testcase classname="tests.thesis_revision_v45.stage2.test_stage5b_ownership_pathb_wake_coverage" name="test_s5b_10_abandoning_seventy_five_nonces_records_a_gap_and_forbids_ordinary_exhaustion" time="0.068" /><testcase classname="tests.thesis_revision_v45.stage2.test_stage5b_ownership_pathb_wake_coverage" name="test_s5b_11_a_false_claim_separates_overstatement_from_the_real_unsearched_suffix" time="0.000" /><testcase classname="tests.thesis_revision_v45.stage2.test_stage5b_ownership_pathb_wake_coverage" name="test_s5b_12_adapter_exposes_the_range_end_flag_and_reconciles_the_physical_count" time="0.108" /><testcase classname="tests.thesis_revision_v45.stage2.test_stage5c_record_derived_accounting" name="test_s5c_01_one_real_miner_plus_three_virtual_records_is_four_represented_identities" time="0.026" /><testcase classname="tests.thesis_revision_v45.stage2.test_stage5c_record_derived_accounting" name="test_s5c_02_two_real_miners_plus_five_virtual_records_is_seven_represented_identities" time="0.025" /><testcase classname="tests.thesis_revision_v45.stage2.test_stage5c_record_derived_accounting" name="test_s5c_03_a_split_request_larger_than_the_span_uses_the_records_actually_created" time="0.006" /><testcase classname="tests.thesis_revision_v45.stage2.test_stage5c_record_derived_accounting" name="test_s5c_04_the_disabled_honest_control_reports_its_real_physical_evaluation_count" time="0.051" /><testcase classname="tests.thesis_revision_v45.stage2.test_stage5c_record_derived_accounting" name="test_s5c_05_the_ledger_equality_holds_enabled_and_with_leases_on_and_off" time="0.085" /><testcase classname="tests.thesis_revision_v45.stage2.test_stage5c_record_derived_accounting" name="test_s5c_06_exact_false_exhaustion_replay_leaves_the_whole_snapshot_unchanged[1.0-detected]" time="0.001" /><testcase classname="tests.thesis_revision_v45.stage2.test_stage5c_record_derived_accounting" name="test_s5c_06_exact_false_exhaustion_replay_leaves_the_whole_snapshot_unchanged[0.0-accepted]" time="0.001" /><testcase classname="tests.thesis_revision_v45.stage2.test_stage5c_record_derived_accounting" name="test_s5c_06b_replaying_an_over_limit_rejection_counts_one_refusal_per_identity" time="0.000" /><testcase classname="tests.thesis_revision_v45.stage2.test_stage5c_record_derived_accounting" name="test_s5c_07_the_ownership_reconciliation_is_split_into_exact_subintervals" time="0.001" /><testcase classname="tests.thesis_revision_v45.stage2.test_stage5d_post_round_evidence_integrity" name="test_s5d_01_no_evaluation_is_committed_after_its_round_closed[abandonment_coverage_gap]" time="0.036" /><testcase classname="tests.thesis_revision_v45.stage2.test_stage5d_post_round_evidence_integrity" name="test_s5d_01_no_evaluation_is_committed_after_its_round_closed[disabled_honest_control]" time="0.022" /><testcase classname="tests.thesis_revision_v45.stage2.test_stage5d_post_round_evidence_integrity" name="test_s5d_01_no_evaluation_is_committed_after_its_round_closed[enabled_with_leases]" time="0.020" /><testcase classname="tests.thesis_revision_v45.stage2.test_stage5d_post_round_evidence_integrity" name="test_s5d_01_no_evaluation_is_committed_after_its_round_closed[enabled_without_leases]" time="0.018" /><testcase classname="tests.thesis_revision_v45.stage2.test_stage5d_post_round_evidence_integrity" name="test_s5d_01_no_evaluation_is_committed_after_its_round_closed[false_exhaustion_coverage_gap]" time="0.039" /><testcase classname="tests.thesis_revision_v45.stage2.test_stage5d_post_round_evidence_integrity" name="test_s5d_01_no_evaluation_is_committed_after_its_round_closed[path_a_reassignment]" time="0.099" /><testcase classname="tests.thesis_revision_v45.stage2.test_stage5d_post_round_evidence_integrity" name="test_s5d_01_no_evaluation_is_committed_after_its_round_closed[path_b_reassignment]" time="0.079" /><testcase classname="tests.thesis_revision_v45.stage2.test_stage5d_post_round_evidence_integrity" name="test_s5d_01_no_evaluation_is_committed_after_its_round_closed[solution_withholding]" time="0.001" /><testcase classname="tests.thesis_revision_v45.stage2.test_stage5d_post_round_evidence_integrity" name="test_s5d_02_the_corrected_metric_is_not_the_ledger_length" time="0.021" /><testcase classname="tests.thesis_revision_v45.stage2.test_stage5d_post_round_evidence_integrity" name="test_s5d_03_the_required_scenarios_really_exercise_their_named_behaviour" time="0.341" /></testsuite></testsuites>